Base path: /Applications/Unity/Unity.app/Contents
Pipe name: \\.\pipe\UnityShaderCompiler-64bit-1-1923859216
Cmd: getPlatforms
Cmd: compileSnippet
  api=0 type=0 insize=6924 outsize=2771 kw=DIRECTIONAL SHADOWS_SCREEN LIGHTMAP_OFF DIRLIGHTMAP_OFF DYNAMICLIGHTMAP_OFF pd= ok=1
Cmd: compileSnippet
  api=0 type=1 insize=6924 outsize=6 kw=DIRECTIONAL SHADOWS_SCREEN LIGHTMAP_OFF DIRLIGHTMAP_OFF DYNAMICLIGHTMAP_OFF pd= ok=1
Cmd: compileSnippet
  api=0 type=0 insize=7139 outsize=3207 kw=DIRECTIONAL SHADOWS_SCREEN LIGHTMAP_OFF DIRLIGHTMAP_OFF DYNAMICLIGHTMAP_OFF pd= ok=1
Cmd: compileSnippet
  api=0 type=1 insize=7139 outsize=6 kw=DIRECTIONAL SHADOWS_SCREEN LIGHTMAP_OFF DIRLIGHTMAP_OFF DYNAMICLIGHTMAP_OFF pd= ok=1
Cmd: compileSnippet
  api=0 type=0 insize=4832 outsize=3272 kw=POINT pd= ok=1
Cmd: compileSnippet
  api=0 type=1 insize=4832 outsize=6 kw=POINT pd= ok=1
Cmd: compileSnippet
  api=0 type=0 insize=7890 outsize=4578 kw=DIRECTIONAL SHADOWS_SCREEN LIGHTMAP_OFF DIRLIGHTMAP_OFF DYNAMICLIGHTMAP_OFF pd= ok=1
Cmd: compileSnippet
  api=0 type=1 insize=7890 outsize=6 kw=DIRECTIONAL SHADOWS_SCREEN LIGHTMAP_OFF DIRLIGHTMAP_OFF DYNAMICLIGHTMAP_OFF pd= ok=1
Cmd: compileSnippet
  api=0 type=0 insize=5108 outsize=3242 kw=POINT pd= ok=1
Cmd: compileSnippet
  api=0 type=1 insize=5108 outsize=6 kw=POINT pd= ok=1
Cmd: compileSnippet
  api=0 type=0 insize=1482 outsize=509 kw=SOFTPARTICLES_OFF pd= ok=1
Cmd: compileSnippet
  api=0 type=1 insize=1482 outsize=6 kw=SOFTPARTICLES_OFF pd= ok=1
Cmd: compileSnippet
  api=0 type=0 insize=938 outsize=6131 kw=POINT SHADOWS_OFF pd= ok=1
Cmd: compileSnippet
  api=0 type=1 insize=938 outsize=6 kw=POINT SHADOWS_OFF pd= ok=1
Cmd: preprocess
  insize=9628 outsize=2293 ok=1
Cmd: compileSnippet
  api=0 type=0 insize=6977 outsize=991 kw= pd= ok=1
Cmd: compileSnippet
  api=0 type=1 insize=6977 outsize=6 kw= pd= ok=1
Cmd: compileSnippet
  api=0 type=0 insize=6972 outsize=1788 kw= pd= ok=1
Cmd: compileSnippet
  api=0 type=1 insize=6972 outsize=6 kw= pd= ok=1
Cmd: compileSnippet
  api=0 type=0 insize=6972 outsize=967 kw= pd= ok=1
Cmd: compileSnippet
  api=0 type=1 insize=6972 outsize=6 kw= pd= ok=1
Cmd: compileSnippet
  api=0 type=0 insize=6979 outsize=897 kw= pd= ok=1
Cmd: compileSnippet
  api=0 type=1 insize=6979 outsize=6 kw= pd= ok=1
Cmd: compileSnippet
  api=0 type=0 insize=6974 outsize=1155 kw= pd= ok=1
Cmd: compileSnippet
  api=0 type=1 insize=6974 outsize=6 kw= pd= ok=1
Cmd: compileSnippet
  api=0 type=0 insize=6974 outsize=681 kw= pd= ok=1
Cmd: compileSnippet
  api=0 type=1 insize=6974 outsize=6 kw= pd= ok=1
Cmd: compileSnippet
  api=0 type=0 insize=6983 outsize=863 kw= pd= ok=1
Cmd: compileSnippet
  api=0 type=1 insize=6983 outsize=6 kw= pd= ok=1
Cmd: compileSnippet
  api=0 type=0 insize=6988 outsize=633 kw= pd= ok=1
Cmd: compileSnippet
  api=0 type=1 insize=6988 outsize=6 kw= pd= ok=1
Cmd: compileSnippet
  api=0 type=0 insize=6981 outsize=427 kw= pd= ok=1
Cmd: compileSnippet
  api=0 type=1 insize=6981 outsize=6 kw= pd= ok=1
Cmd: compileSnippet
  api=0 type=0 insize=6979 outsize=986 kw= pd= ok=1
Cmd: compileSnippet
  api=0 type=1 insize=6979 outsize=6 kw= pd= ok=1
Cmd: compileSnippet
  api=0 type=0 insize=6986 outsize=1044 kw= pd= ok=1
Cmd: compileSnippet
  api=0 type=1 insize=6986 outsize=6 kw= pd= ok=1
Cmd: preprocess
  insize=11084 outsize=718 ok=1
Cmd: compileSnippet
  api=0 type=0 insize=10527 outsize=892 kw= pd= ok=1
Cmd: compileSnippet
  api=0 type=1 insize=10527 outsize=6 kw= pd= ok=1
Cmd: compileSnippet
  api=0 type=0 insize=10549 outsize=6151 kw= pd= ok=1
Cmd: compileSnippet
  api=0 type=1 insize=10549 outsize=6 kw= pd= ok=1
Cmd: compileSnippet
  api=0 type=0 insize=10548 outsize=6145 kw= pd= ok=1
Cmd: compileSnippet
  api=0 type=1 insize=10548 outsize=6 kw= pd= ok=1
Cmd: preprocess
  insize=4203 outsize=523 ok=1
Cmd: compileSnippet
  api=0 type=0 insize=3977 outsize=2115 kw= pd= ok=1
Cmd: compileSnippet
  api=0 type=1 insize=3977 outsize=6 kw= pd= ok=1
Cmd: compileSnippet
  api=0 type=0 insize=3981 outsize=2191 kw= pd= ok=1
Cmd: compileSnippet
  api=0 type=1 insize=3981 outsize=6 kw= pd= ok=1
Cmd: preprocess
  insize=1685 outsize=352 ok=1
Cmd: compileSnippet
  api=0 type=0 insize=1635 outsize=1565 kw= pd= ok=1
Cmd: compileSnippet
  api=0 type=1 insize=1635 outsize=6 kw= pd= ok=1
Cmd: preprocess
  insize=919 outsize=355 ok=1
Cmd: compileSnippet
  api=0 type=0 insize=869 outsize=745 kw= pd= ok=1
Cmd: compileSnippet
  api=0 type=1 insize=869 outsize=6 kw= pd= ok=1
Cmd: preprocess
  insize=1006 outsize=316 ok=1
Cmd: compileSnippet
  api=0 type=0 insize=995 outsize=634 kw= pd= ok=1
Cmd: compileSnippet
  api=0 type=1 insize=995 outsize=6 kw= pd= ok=1
Cmd: preprocess
  insize=5213 outsize=2186 ok=1
Cmd: compileSnippet
  api=0 type=0 insize=3331 outsize=2156 kw=WATER_REFRACTIVE pd= ok=1
Cmd: compileSnippet
  api=0 type=1 insize=3331 outsize=6 kw=WATER_REFRACTIVE pd= ok=1
Cmd: preprocess
  insize=1989 outsize=486 ok=1
Cmd: compileSnippet
  api=0 type=0 insize=1805 outsize=861 kw= pd= ok=1
Cmd: compileSnippet
  api=0 type=1 insize=1805 outsize=6 kw= pd= ok=1
Cmd: preprocess
  insize=1284 outsize=412 ok=1
Cmd: compileSnippet
  api=0 type=0 insize=1177 outsize=819 kw= pd= ok=1
Cmd: compileSnippet
  api=0 type=1 insize=1177 outsize=6 kw= pd= ok=1
Cmd: preprocess
  insize=1546 outsize=457 ok=1
Cmd: compileSnippet
  api=0 type=0 insize=1377 outsize=343 kw= pd= ok=1
Cmd: compileSnippet
  api=0 type=1 insize=1377 outsize=6 kw= pd= ok=1
Cmd: compileSnippet
  api=0 type=0 insize=1367 outsize=672 kw= pd= ok=1
Cmd: compileSnippet
  api=0 type=1 insize=1367 outsize=6 kw= pd= ok=1
Cmd: preprocess
  insize=1183 outsize=296 ok=1
Cmd: compileSnippet
  api=0 type=0 insize=1189 outsize=1394 kw= pd= ok=1
Cmd: compileSnippet
  api=0 type=1 insize=1189 outsize=6 kw= pd= ok=1
Cmd: preprocess
  insize=1116 outsize=407 ok=1
Cmd: compileSnippet
  api=0 type=0 insize=1012 outsize=852 kw= pd= ok=1
Cmd: compileSnippet
  api=0 type=1 insize=1012 outsize=6 kw= pd= ok=1
Cmd: preprocess
  insize=6870 outsize=844 ok=1
Cmd: compileSnippet
  error: 2 plat 0 at frag_ao.cginc(2): ']' : syntax error syntax error\nCompiling Vertex program
  api=0 type=0 insize=1903 outsize=0 kw= pd= ok=0
Cmd: preprocess
  insize=1192 outsize=314 ok=1
Cmd: compileSnippet
  api=0 type=0 insize=1183 outsize=1087 kw= pd= ok=1
Cmd: compileSnippet
  api=0 type=1 insize=1183 outsize=6 kw= pd= ok=1
Cmd: preprocess
  insize=12988 outsize=2702 ok=1
Cmd: compileSnippet
  api=0 type=0 insize=10195 outsize=6434 kw=WATER_REFLECTIVE WATER_VERTEX_DISPLACEMENT_ON WATER_EDGEBLEND_ON pd= ok=1
Cmd: compileSnippet
  api=0 type=1 insize=10195 outsize=6 kw=WATER_REFLECTIVE WATER_VERTEX_DISPLACEMENT_ON WATER_EDGEBLEND_ON pd= ok=1
Cmd: compileSnippet
  api=0 type=0 insize=10198 outsize=5107 kw=WATER_REFLECTIVE WATER_VERTEX_DISPLACEMENT_ON WATER_EDGEBLEND_ON pd= ok=1
Cmd: compileSnippet
  api=0 type=1 insize=10198 outsize=6 kw=WATER_REFLECTIVE WATER_VERTEX_DISPLACEMENT_ON WATER_EDGEBLEND_ON pd= ok=1
Cmd: compileSnippet
  api=0 type=0 insize=9940 outsize=1994 kw= pd= ok=1
Cmd: compileSnippet
  api=0 type=1 insize=9940 outsize=6 kw= pd= ok=1
Cmd: preprocess
  insize=2671 outsize=773 ok=1
Cmd: compileSnippet
  api=0 type=0 insize=2000 outsize=642 kw= pd= ok=1
Cmd: compileSnippet
  api=0 type=1 insize=2000 outsize=6 kw= pd= ok=1
Cmd: compileSnippet
  api=0 type=0 insize=1997 outsize=592 kw= pd= ok=1
Cmd: compileSnippet
  api=0 type=1 insize=1997 outsize=6 kw= pd= ok=1
Cmd: compileSnippet
  api=0 type=0 insize=2010 outsize=1119 kw= pd= ok=1
Cmd: compileSnippet
  api=0 type=1 insize=2010 outsize=6 kw= pd= ok=1
Cmd: compileSnippet
  api=0 type=0 insize=2009 outsize=519 kw= pd= ok=1
Cmd: compileSnippet
  api=0 type=1 insize=2009 outsize=6 kw= pd= ok=1
Cmd: preprocess
  insize=968 outsize=305 ok=1
Cmd: compileSnippet
  api=0 type=0 insize=968 outsize=504 kw= pd= ok=1
Cmd: compileSnippet
  api=0 type=1 insize=968 outsize=6 kw= pd= ok=1
Cmd: preprocess
  insize=1377 outsize=384 ok=1
Cmd: compileSnippet
  api=0 type=0 insize=1295 outsize=1323 kw= pd= ok=1
Cmd: compileSnippet
  api=0 type=1 insize=1295 outsize=6 kw= pd= ok=1
Cmd: preprocess
  insize=1437 outsize=347 ok=1
Cmd: compileSnippet
  api=0 type=0 insize=1396 outsize=1186 kw= pd= ok=1
Cmd: compileSnippet
  api=0 type=1 insize=1396 outsize=6 kw= pd= ok=1
Cmd: preprocess
  insize=1709 outsize=728 ok=1
Cmd: compileSnippet
  api=0 type=0 insize=1287 outsize=1194 kw= pd= ok=1
Cmd: compileSnippet
  api=0 type=1 insize=1287 outsize=6 kw= pd= ok=1
Cmd: preprocess
  insize=1403 outsize=346 ok=1
Cmd: compileSnippet
  api=0 type=0 insize=1359 outsize=1259 kw= pd= ok=1
Cmd: compileSnippet
  api=0 type=1 insize=1359 outsize=6 kw= pd= ok=1
Cmd: preprocess
  insize=1116 outsize=325 ok=1
Cmd: compileSnippet
  api=0 type=0 insize=1096 outsize=691 kw= pd= ok=1
Cmd: compileSnippet
  api=0 type=1 insize=1096 outsize=6 kw= pd= ok=1
Cmd: preprocess
  insize=2165 outsize=644 ok=1
Cmd: compileSnippet
  api=0 type=0 insize=1827 outsize=1793 kw= pd= ok=1
Cmd: compileSnippet
  api=0 type=1 insize=1827 outsize=6 kw= pd= ok=1
Cmd: preprocess
  insize=965 outsize=271 ok=1
Cmd: compileSnippet
  api=0 type=0 insize=994 outsize=713 kw= pd= ok=1
Cmd: compileSnippet
  api=0 type=1 insize=994 outsize=6 kw= pd= ok=1
Cmd: preprocess
  insize=790 outsize=320 ok=1
Cmd: compileSnippet
  api=0 type=0 insize=772 outsize=641 kw= pd= ok=1
Cmd: compileSnippet
  api=0 type=1 insize=772 outsize=6 kw= pd= ok=1
Cmd: preprocess
  insize=32615 outsize=273 ok=1
Cmd: compileSnippet
  api=0 type=0 insize=32644 outsize=8930 kw= pd= ok=1
Cmd: compileSnippet
  api=0 type=1 insize=32644 outsize=6 kw= pd= ok=1
Cmd: preprocess
  insize=1216 outsize=260 ok=1
Cmd: compileSnippet
  api=0 type=0 insize=1258 outsize=1079 kw= pd= ok=1
Cmd: compileSnippet
  api=0 type=1 insize=1258 outsize=6 kw= pd= ok=1
Cmd: preprocess
  insize=3375 outsize=706 ok=1
Cmd: compileSnippet
  api=0 type=0 insize=2803 outsize=1465 kw= pd= ok=1
Cmd: compileSnippet
  api=0 type=1 insize=2803 outsize=6 kw= pd= ok=1
Cmd: compileSnippet
  api=0 type=0 insize=2794 outsize=1305 kw= pd= ok=1
Cmd: compileSnippet
  api=0 type=1 insize=2794 outsize=6 kw= pd= ok=1
Cmd: compileSnippet
  api=0 type=0 insize=2793 outsize=1280 kw= pd= ok=1
Cmd: compileSnippet
  api=0 type=1 insize=2793 outsize=6 kw= pd= ok=1
Cmd: compileSnippet
  api=0 type=0 insize=2805 outsize=1419 kw= pd= ok=1
Cmd: compileSnippet
  api=0 type=1 insize=2805 outsize=6 kw= pd= ok=1
Cmd: preprocess
  insize=1038 outsize=358 ok=1
Cmd: compileSnippet
  api=0 type=0 insize=985 outsize=664 kw= pd= ok=1
Cmd: compileSnippet
  api=0 type=1 insize=985 outsize=6 kw= pd= ok=1
Cmd: preprocess
  insize=12155 outsize=2582 ok=1
Cmd: compileSnippet
  api=0 type=0 insize=9481 outsize=5699 kw=WATER_REFLECTIVE WATER_VERTEX_DISPLACEMENT_ON WATER_EDGEBLEND_ON pd= ok=1
Cmd: compileSnippet
  api=0 type=1 insize=9481 outsize=6 kw=WATER_REFLECTIVE WATER_VERTEX_DISPLACEMENT_ON WATER_EDGEBLEND_ON pd= ok=1
Cmd: compileSnippet
  api=0 type=0 insize=9484 outsize=5062 kw=WATER_REFLECTIVE WATER_VERTEX_DISPLACEMENT_ON WATER_EDGEBLEND_ON pd= ok=1
Cmd: compileSnippet
  api=0 type=1 insize=9484 outsize=6 kw=WATER_REFLECTIVE WATER_VERTEX_DISPLACEMENT_ON WATER_EDGEBLEND_ON pd= ok=1
Cmd: compileSnippet
  api=0 type=0 insize=9226 outsize=1926 kw= pd= ok=1
Cmd: compileSnippet
  api=0 type=1 insize=9226 outsize=6 kw= pd= ok=1
Cmd: preprocess
  insize=2494 outsize=780 ok=1
Cmd: compileSnippet
  api=0 type=0 insize=1760 outsize=584 kw= pd= ok=1
Cmd: compileSnippet
  api=0 type=1 insize=1760 outsize=6 kw= pd= ok=1
Cmd: compileSnippet
  api=0 type=0 insize=1760 outsize=634 kw= pd= ok=1
Cmd: compileSnippet
  api=0 type=1 insize=1760 outsize=6 kw= pd= ok=1
Cmd: compileSnippet
  api=0 type=0 insize=1762 outsize=584 kw= pd= ok=1
Cmd: compileSnippet
  api=0 type=1 insize=1762 outsize=6 kw= pd= ok=1
Cmd: compileSnippet
  api=0 type=0 insize=1763 outsize=805 kw= pd= ok=1
Cmd: compileSnippet
  api=0 type=1 insize=1763 outsize=6 kw= pd= ok=1
Cmd: compileSnippet
  api=0 type=0 insize=1766 outsize=601 kw= pd= ok=1
Cmd: compileSnippet
  api=0 type=1 insize=1766 outsize=6 kw= pd= ok=1
Cmd: preprocess
  insize=7424 outsize=1104 ok=1
Cmd: compileSnippet
  api=0 type=0 insize=6107 outsize=897 kw= pd= ok=1
Cmd: compileSnippet
  api=0 type=1 insize=6107 outsize=6 kw= pd= ok=1
Cmd: compileSnippet
  api=0 type=0 insize=6110 outsize=534 kw= pd= ok=1
Cmd: compileSnippet
  api=0 type=1 insize=6110 outsize=6 kw= pd= ok=1
Cmd: compileSnippet
  api=0 type=0 insize=6119 outsize=1652 kw= pd= ok=1
Cmd: compileSnippet
  api=0 type=1 insize=6119 outsize=6 kw= pd= ok=1
Cmd: compileSnippet
  api=0 type=0 insize=6113 outsize=1339 kw= pd= ok=1
Cmd: compileSnippet
  api=0 type=1 insize=6113 outsize=6 kw= pd= ok=1
Cmd: compileSnippet
  api=0 type=0 insize=6110 outsize=571 kw= pd= ok=1
Cmd: compileSnippet
  api=0 type=1 insize=6110 outsize=6 kw= pd= ok=1
Cmd: compileSnippet
  api=0 type=0 insize=6114 outsize=960 kw= pd= ok=1
Cmd: compileSnippet
  api=0 type=1 insize=6114 outsize=6 kw= pd= ok=1
Cmd: compileSnippet
  api=0 type=0 insize=6118 outsize=2716 kw= pd= ok=1
Cmd: compileSnippet
  api=0 type=1 insize=6118 outsize=6 kw= pd= ok=1
Cmd: compileSnippet
  api=0 type=0 insize=6104 outsize=406 kw= pd= ok=1
Cmd: compileSnippet
  api=0 type=1 insize=6104 outsize=6 kw= pd= ok=1
Cmd: preprocess
  insize=2422 outsize=1168 ok=1
Cmd: compileSnippet
  api=0 type=0 insize=1556 outsize=1293 kw= pd= ok=1
Cmd: compileSnippet
  api=0 type=1 insize=1556 outsize=6 kw= pd= ok=1
Cmd: preprocess
  insize=977 outsize=438 ok=1
Cmd: compileSnippet
  api=0 type=0 insize=841 outsize=550 kw= pd= ok=1
Cmd: compileSnippet
  api=0 type=1 insize=841 outsize=6 kw= pd= ok=1
Cmd: preprocess
  insize=13919 outsize=2626 ok=1
Cmd: compileSnippet
  api=0 type=0 insize=10333 outsize=487 kw= pd= ok=1
Cmd: compileSnippet
  api=0 type=1 insize=10333 outsize=6 kw= pd= ok=1
Cmd: compileSnippet
  api=0 type=0 insize=10332 outsize=1072 kw= pd= ok=1
Cmd: compileSnippet
  api=0 type=1 insize=10332 outsize=6 kw= pd= ok=1
Cmd: compileSnippet
  api=0 type=0 insize=10332 outsize=979 kw= pd= ok=1
Cmd: compileSnippet
  api=0 type=1 insize=10332 outsize=6 kw= pd= ok=1
Cmd: compileSnippet
  api=0 type=0 insize=10314 outsize=782 kw= pd= ok=1
Cmd: compileSnippet
  api=0 type=1 insize=10314 outsize=6 kw= pd= ok=1
Cmd: compileSnippet
  api=0 type=0 insize=10333 outsize=706 kw= pd= ok=1
Cmd: compileSnippet
  api=0 type=1 insize=10333 outsize=6 kw= pd= ok=1
Cmd: compileSnippet
  api=0 type=0 insize=10314 outsize=836 kw= pd= ok=1
Cmd: compileSnippet
  api=0 type=1 insize=10314 outsize=6 kw= pd= ok=1
Cmd: compileSnippet
  api=0 type=0 insize=10359 outsize=1317 kw= pd= ok=1
Cmd: compileSnippet
  api=0 type=1 insize=10359 outsize=6 kw= pd= ok=1
Cmd: compileSnippet
  api=0 type=0 insize=10313 outsize=276 kw= pd= ok=1
Cmd: compileSnippet
  api=0 type=1 insize=10313 outsize=6 kw= pd= ok=1
Cmd: compileSnippet
  api=0 type=0 insize=10317 outsize=343 kw= pd= ok=1
Cmd: compileSnippet
  api=0 type=1 insize=10317 outsize=6 kw= pd= ok=1
Cmd: compileSnippet
  api=0 type=0 insize=10339 outsize=2806 kw= pd= ok=1
Cmd: compileSnippet
  api=0 type=1 insize=10339 outsize=6 kw= pd= ok=1
Cmd: compileSnippet
  api=0 type=0 insize=10333 outsize=2864 kw= pd= ok=1
Cmd: compileSnippet
  api=0 type=1 insize=10333 outsize=6 kw= pd= ok=1
Cmd: compileSnippet
  api=0 type=0 insize=10339 outsize=2806 kw= pd= ok=1
Cmd: compileSnippet
  api=0 type=1 insize=10339 outsize=6 kw= pd= ok=1
Cmd: preprocess
  insize=1950 outsize=490 ok=1
Cmd: compileSnippet
  api=0 type=0 insize=1736 outsize=1032 kw= pd= ok=1
Cmd: compileSnippet
  api=0 type=1 insize=1736 outsize=6 kw= pd= ok=1
Cmd: compileSnippet
  api=0 type=0 insize=1749 outsize=1157 kw= pd= ok=1
Cmd: compileSnippet
  api=0 type=1 insize=1749 outsize=6 kw= pd= ok=1
Cmd: preprocess
  insize=3056 outsize=1760 ok=1
Cmd: compileSnippet
  api=0 type=0 insize=1602 outsize=1456 kw= pd= ok=1
Cmd: compileSnippet
  api=0 type=1 insize=1602 outsize=6 kw= pd= ok=1
Cmd: preprocess
  insize=1604 outsize=301 ok=1
Cmd: compileSnippet
  api=0 type=0 insize=1607 outsize=1545 kw= pd= ok=1
Cmd: compileSnippet
  api=0 type=1 insize=1607 outsize=6 kw= pd= ok=1
Cmd: preprocess
  insize=24592 outsize=3218 ok=1
Cmd: compileSnippet
  api=0 type=0 insize=20011 outsize=834 kw= pd= ok=1
Cmd: compileSnippet
  api=0 type=1 insize=20011 outsize=6 kw= pd= ok=1
Cmd: compileSnippet
  api=0 type=0 insize=20005 outsize=526 kw= pd= ok=1
Cmd: compileSnippet
  api=0 type=1 insize=20005 outsize=6 kw= pd= ok=1
Cmd: compileSnippet
  api=0 type=0 insize=20020 outsize=2338 kw= pd= ok=1
Cmd: compileSnippet
  api=0 type=1 insize=20020 outsize=6 kw= pd= ok=1
Cmd: compileSnippet
  api=0 type=0 insize=20005 outsize=834 kw= pd= ok=1
Cmd: compileSnippet
  api=0 type=1 insize=20005 outsize=6 kw= pd= ok=1
Cmd: compileSnippet
  api=0 type=0 insize=20015 outsize=821 kw= pd= ok=1
Cmd: compileSnippet
  api=0 type=1 insize=20015 outsize=6 kw= pd= ok=1
Cmd: compileSnippet
  api=0 type=0 insize=20014 outsize=2898 kw= pd= ok=1
Cmd: compileSnippet
  api=0 type=1 insize=20014 outsize=6 kw= pd= ok=1
Cmd: compileSnippet
  api=0 type=0 insize=19970 outsize=1088 kw= pd= ok=1
Cmd: compileSnippet
  api=0 type=1 insize=19970 outsize=6 kw= pd= ok=1
Cmd: compileSnippet
  api=0 type=0 insize=20008 outsize=777 kw= pd= ok=1
Cmd: compileSnippet
  api=0 type=1 insize=20008 outsize=6 kw= pd= ok=1
Cmd: compileSnippet
  api=0 type=0 insize=19976 outsize=687 kw= pd= ok=1
Cmd: compileSnippet
  api=0 type=1 insize=19976 outsize=6 kw= pd= ok=1
Cmd: compileSnippet
  api=0 type=0 insize=20013 outsize=2669 kw= pd= ok=1
Cmd: compileSnippet
  api=0 type=1 insize=20013 outsize=6 kw= pd= ok=1
Cmd: compileSnippet
  api=0 type=0 insize=20006 outsize=2059 kw= pd= ok=1
Cmd: compileSnippet
  api=0 type=1 insize=20006 outsize=6 kw= pd= ok=1
Cmd: compileSnippet
  api=0 type=0 insize=20009 outsize=2653 kw= pd= ok=1
Cmd: compileSnippet
  api=0 type=1 insize=20009 outsize=6 kw= pd= ok=1
Cmd: compileSnippet
  api=0 type=0 insize=20015 outsize=2916 kw= pd= ok=1
Cmd: compileSnippet
  api=0 type=1 insize=20015 outsize=6 kw= pd= ok=1
Cmd: compileSnippet
  api=0 type=0 insize=20012 outsize=2323 kw= pd= ok=1
Cmd: compileSnippet
  api=0 type=1 insize=20012 outsize=6 kw= pd= ok=1
Cmd: compileSnippet
  api=0 type=0 insize=20005 outsize=4301 kw= pd= ok=1
Cmd: compileSnippet
  api=0 type=1 insize=20005 outsize=6 kw= pd= ok=1
Cmd: compileSnippet
  api=0 type=0 insize=20010 outsize=4547 kw= pd= ok=1
Cmd: compileSnippet
  api=0 type=1 insize=20010 outsize=6 kw= pd= ok=1
Cmd: preprocess
  insize=2633 outsize=351 ok=1
Cmd: compileSnippet
  api=0 type=0 insize=2586 outsize=2241 kw= pd= ok=1
Cmd: compileSnippet
  api=0 type=1 insize=2586 outsize=6 kw= pd= ok=1
Cmd: preprocess
  error: 1 plat 18 at (84): Both vertex and fragment programs must be present in a CGPROGRAM. Excluding it from compilation.
  insize=2292 outsize=1220 ok=1
Cmd: compileSnippet
  api=0 type=0 insize=1310 outsize=1857 kw= pd= ok=1
Cmd: compileSnippet
  api=0 type=1 insize=1310 outsize=6 kw= pd= ok=1
Cmd: preprocess
  insize=1737 outsize=297 ok=1
Cmd: compileSnippet
  api=0 type=0 insize=1742 outsize=2683 kw= pd= ok=1
Cmd: compileSnippet
  api=0 type=1 insize=1742 outsize=6 kw= pd= ok=1
Cmd: preprocess
  insize=1026 outsize=351 ok=1
Cmd: compileSnippet
  api=0 type=0 insize=977 outsize=903 kw= pd= ok=1
Cmd: compileSnippet
  api=0 type=1 insize=977 outsize=6 kw= pd= ok=1
Cmd: preprocess
  insize=738 outsize=267 ok=1
Cmd: compileSnippet
  api=0 type=0 insize=771 outsize=564 kw= pd= ok=1
Cmd: compileSnippet
  api=0 type=1 insize=771 outsize=6 kw= pd= ok=1
Cmd: preprocess
  insize=5809 outsize=873 ok=1
Cmd: compileSnippet
  api=0 type=0 insize=4899 outsize=2118 kw= pd= ok=1
Cmd: compileSnippet
  api=0 type=1 insize=4899 outsize=6 kw= pd= ok=1
Cmd: compileSnippet
  api=0 type=0 insize=4901 outsize=1286 kw= pd= ok=1
Cmd: compileSnippet
  api=0 type=1 insize=4901 outsize=6 kw= pd= ok=1
Cmd: compileSnippet
  api=0 type=0 insize=4905 outsize=1320 kw= pd= ok=1
Cmd: compileSnippet
  api=0 type=1 insize=4905 outsize=6 kw= pd= ok=1
Cmd: compileSnippet
  api=0 type=0 insize=4914 outsize=713 kw= pd= ok=1
Cmd: compileSnippet
  api=0 type=1 insize=4914 outsize=6 kw= pd= ok=1
Cmd: compileSnippet
  api=0 type=0 insize=4895 outsize=2118 kw= pd= ok=1
Cmd: compileSnippet
  api=0 type=1 insize=4895 outsize=6 kw= pd= ok=1
Cmd: preprocess
  insize=586 outsize=360 ok=1
Cmd: compileSnippet
  api=0 type=0 insize=528 outsize=696 kw= pd= ok=1
Cmd: compileSnippet
  api=0 type=1 insize=528 outsize=6 kw= pd= ok=1
Cmd: preprocess
  insize=32625 outsize=273 ok=1
Cmd: compileSnippet
  api=0 type=0 insize=32654 outsize=8838 kw= pd= ok=1
Cmd: compileSnippet
  api=0 type=1 insize=32654 outsize=6 kw= pd= ok=1
Cmd: preprocess
  insize=5109 outsize=1741 ok=1
Cmd: compileSnippet
  api=0 type=0 insize=3672 outsize=4926 kw= pd= ok=1
Cmd: compileSnippet
  api=0 type=1 insize=3672 outsize=6 kw= pd= ok=1
Cmd: preprocess
  insize=6780 outsize=255 ok=1
Cmd: compileSnippet
  api=0 type=0 insize=6827 outsize=3141 kw= pd= ok=1
Cmd: compileSnippet
  api=0 type=1 insize=6827 outsize=6 kw= pd= ok=1
Cmd: preprocess
  insize=4425 outsize=555 ok=1
Cmd: compileSnippet
  api=0 type=0 insize=4130 outsize=4682 kw= pd= ok=1
Cmd: compileSnippet
  api=0 type=1 insize=4130 outsize=6 kw= pd= ok=1
Cmd: compileSnippet
  api=0 type=0 insize=4135 outsize=4113 kw= pd= ok=1
Cmd: compileSnippet
  api=0 type=1 insize=4135 outsize=6 kw= pd= ok=1
Cmd: preprocess
  error: 1 plat 18 at (25): Both vertex and fragment programs must be present in a CGPROGRAM. Excluding it from compilation.
  error: 1 plat 18 at (61): Both vertex and fragment programs must be present in a CGPROGRAM. Excluding it from compilation.
  insize=2908 outsize=1305 ok=1
Cmd: preprocess
  insize=4869 outsize=1093 ok=1
Cmd: compileSnippet
  api=0 type=0 insize=3761 outsize=507 kw= pd= ok=1
Cmd: compileSnippet
  api=0 type=1 insize=3761 outsize=6 kw= pd= ok=1
Cmd: compileSnippet
  api=0 type=0 insize=3768 outsize=1126 kw= pd= ok=1
Cmd: compileSnippet
  api=0 type=1 insize=3768 outsize=6 kw= pd= ok=1
Cmd: compileSnippet
  api=0 type=0 insize=3766 outsize=1032 kw= pd= ok=1
Cmd: compileSnippet
  api=0 type=1 insize=3766 outsize=6 kw= pd= ok=1
Cmd: compileSnippet
  api=0 type=0 insize=3768 outsize=1157 kw= pd= ok=1
Cmd: compileSnippet
  api=0 type=1 insize=3768 outsize=6 kw= pd= ok=1
Cmd: compileSnippet
  api=0 type=0 insize=3758 outsize=475 kw= pd= ok=1
Cmd: compileSnippet
  api=0 type=1 insize=3758 outsize=6 kw= pd= ok=1
Cmd: preprocess
  insize=778 outsize=304 ok=1
Cmd: compileSnippet
  api=0 type=0 insize=776 outsize=348 kw= pd= ok=1
Cmd: compileSnippet
  api=0 type=1 insize=776 outsize=6 kw= pd= ok=1
Cmd: preprocess
  insize=721 outsize=317 ok=1
Cmd: compileSnippet
  api=0 type=0 insize=706 outsize=862 kw= pd= ok=1
Cmd: compileSnippet
  api=0 type=1 insize=706 outsize=6 kw= pd= ok=1
Cmd: preprocess
  insize=4076 outsize=684 ok=1
Cmd: compileSnippet
  api=0 type=0 insize=3418 outsize=510 kw= pd= ok=1
Cmd: compileSnippet
  api=0 type=1 insize=3418 outsize=6 kw= pd= ok=1
Cmd: compileSnippet
  api=0 type=0 insize=3425 outsize=1602 kw= pd= ok=1
Cmd: compileSnippet
  api=0 type=1 insize=3425 outsize=6 kw= pd= ok=1
Cmd: compileSnippet
  api=0 type=0 insize=3434 outsize=1905 kw= pd= ok=1
Cmd: compileSnippet
  api=0 type=1 insize=3434 outsize=6 kw= pd= ok=1
Cmd: compileSnippet
  api=0 type=0 insize=3429 outsize=2006 kw= pd= ok=1
Cmd: compileSnippet
  api=0 type=1 insize=3429 outsize=6 kw= pd= ok=1
Cmd: preprocess
  insize=883 outsize=301 ok=1
Cmd: compileSnippet
  api=0 type=0 insize=887 outsize=564 kw= pd= ok=1
Cmd: compileSnippet
  api=0 type=1 insize=887 outsize=6 kw= pd= ok=1
Cmd: preprocess
  insize=1339 outsize=296 ok=1
Cmd: compileSnippet
  api=0 type=0 insize=1347 outsize=1270 kw= pd= ok=1
Cmd: compileSnippet
  api=0 type=1 insize=1347 outsize=6 kw= pd= ok=1
Cmd: preprocess
  insize=2143 outsize=982 ok=1
Cmd: compileSnippet
  api=0 type=0 insize=905 outsize=504 kw= pd= ok=1
Cmd: compileSnippet
  api=0 type=1 insize=905 outsize=6 kw= pd= ok=1
Cmd: compileSnippet
  api=0 type=0 insize=860 outsize=403 kw= pd= ok=1
Cmd: compileSnippet
  api=0 type=1 insize=860 outsize=6 kw= pd= ok=1
Cmd: preprocess
  insize=1080 outsize=489 ok=1
Cmd: compileSnippet
  api=0 type=0 insize=893 outsize=846 kw= pd= ok=1
Cmd: compileSnippet
  api=0 type=1 insize=893 outsize=6 kw= pd= ok=1
Cmd: preprocess
  insize=1213 outsize=389 ok=1
Cmd: compileSnippet
  api=0 type=0 insize=1129 outsize=1126 kw= pd= ok=1
Cmd: compileSnippet
  api=0 type=1 insize=1129 outsize=6 kw= pd= ok=1
Cmd: preprocess
  insize=574 outsize=259 ok=1
Cmd: compileSnippet
  api=0 type=0 insize=617 outsize=208 kw= pd= ok=1
Cmd: compileSnippet
  api=0 type=1 insize=617 outsize=6 kw= pd= ok=1
Cmd: preprocess
  insize=724 outsize=315 ok=1
Cmd: compileSnippet
  api=0 type=0 insize=714 outsize=384 kw= pd= ok=1
Cmd: compileSnippet
  api=0 type=1 insize=714 outsize=6 kw= pd= ok=1
Cmd: preprocess
  insize=1727 outsize=682 ok=1
Cmd: compileSnippet
  api=0 type=0 insize=1346 outsize=1656 kw= pd= ok=1
Cmd: compileSnippet
  api=0 type=1 insize=1346 outsize=6 kw= pd= ok=1
Cmd: compileSnippet
  api=0 type=0 insize=1333 outsize=1134 kw= pd= ok=1
Cmd: compileSnippet
  api=0 type=1 insize=1333 outsize=6 kw= pd= ok=1
Cmd: compileSnippet
  api=0 type=0 insize=1329 outsize=1129 kw= pd= ok=1
Cmd: compileSnippet
  api=0 type=1 insize=1329 outsize=6 kw= pd= ok=1
Cmd: compileSnippet
  api=0 type=0 insize=1329 outsize=1129 kw= pd= ok=1
Cmd: compileSnippet
  api=0 type=1 insize=1329 outsize=6 kw= pd= ok=1
Cmd: compileSnippet
  api=0 type=0 insize=1333 outsize=1134 kw= pd= ok=1
Cmd: compileSnippet
  api=0 type=1 insize=1333 outsize=6 kw= pd= ok=1
Cmd: compileSnippet
  api=0 type=0 insize=1321 outsize=1119 kw= pd= ok=1
Cmd: compileSnippet
  api=0 type=1 insize=1321 outsize=6 kw= pd= ok=1
Cmd: compileSnippet
  api=0 type=0 insize=1331 outsize=1129 kw= pd= ok=1
Cmd: compileSnippet
  api=0 type=1 insize=1331 outsize=6 kw= pd= ok=1
Cmd: compileSnippet
  api=0 type=0 insize=7400 outsize=3788 kw=DIRECTIONAL SHADOWS_OFF LIGHTMAP_OFF DIRLIGHTMAP_OFF DYNAMICLIGHTMAP_OFF pd= ok=1
Cmd: compileSnippet
  api=0 type=1 insize=7400 outsize=6 kw=DIRECTIONAL SHADOWS_OFF LIGHTMAP_OFF DIRLIGHTMAP_OFF DYNAMICLIGHTMAP_OFF pd= ok=1
Cmd: compileSnippet
  api=0 type=0 insize=4837 outsize=2911 kw=DIRECTIONAL pd= ok=1
Cmd: compileSnippet
  api=0 type=1 insize=4837 outsize=6 kw=DIRECTIONAL pd= ok=1
Cmd: compileSnippet
  api=0 type=0 insize=4001 outsize=1631 kw= pd= ok=1
Cmd: compileSnippet
  api=0 type=1 insize=4001 outsize=6 kw= pd= ok=1
Cmd: compileSnippet
  api=0 type=0 insize=3118 outsize=3570 kw=SHADOWS_DEPTH pd= ok=1
Cmd: compileSnippet
  api=0 type=1 insize=3118 outsize=6 kw=SHADOWS_DEPTH pd= ok=1
Cmd: compileSnippet
  api=0 type=0 insize=7572 outsize=6046 kw=DIRECTIONAL SHADOWS_OFF LIGHTMAP_OFF DIRLIGHTMAP_OFF DYNAMICLIGHTMAP_OFF pd= ok=1
Cmd: compileSnippet
  api=0 type=1 insize=7572 outsize=6 kw=DIRECTIONAL SHADOWS_OFF LIGHTMAP_OFF DIRLIGHTMAP_OFF DYNAMICLIGHTMAP_OFF pd= ok=1
Cmd: compileSnippet
  api=0 type=0 insize=5140 outsize=5062 kw=DIRECTIONAL pd= ok=1
Cmd: compileSnippet
  api=0 type=1 insize=5140 outsize=6 kw=DIRECTIONAL pd= ok=1
Cmd: compileSnippet
  api=0 type=0 insize=2088 outsize=5957 kw=DIRECTIONAL SHADOWS_OFF LIGHTMAP_OFF DIRLIGHTMAP_OFF DYNAMICLIGHTMAP_OFF pd= ok=1
Cmd: compileSnippet
  api=0 type=1 insize=2088 outsize=6 kw=DIRECTIONAL SHADOWS_OFF LIGHTMAP_OFF DIRLIGHTMAP_OFF DYNAMICLIGHTMAP_OFF pd= ok=1
Cmd: compileSnippet
  api=0 type=0 insize=1066 outsize=4278 kw=SHADOWS_DEPTH pd= ok=1
Cmd: compileSnippet
  api=0 type=1 insize=1066 outsize=6 kw=SHADOWS_DEPTH pd= ok=1
Cmd: compileSnippet
  api=0 type=0 insize=2081 outsize=5957 kw=DIRECTIONAL SHADOWS_OFF LIGHTMAP_OFF DIRLIGHTMAP_OFF DYNAMICLIGHTMAP_OFF pd= ok=1
Cmd: compileSnippet
  api=0 type=1 insize=2081 outsize=6 kw=DIRECTIONAL SHADOWS_OFF LIGHTMAP_OFF DIRLIGHTMAP_OFF DYNAMICLIGHTMAP_OFF pd= ok=1
Cmd: compileSnippet
  api=0 type=0 insize=3193 outsize=3570 kw=SHADOWS_DEPTH pd= ok=1
Cmd: compileSnippet
  api=0 type=1 insize=3193 outsize=6 kw=SHADOWS_DEPTH pd= ok=1
Cmd: compileSnippet
  api=0 type=0 insize=7647 outsize=6124 kw=DIRECTIONAL SHADOWS_OFF LIGHTMAP_OFF DIRLIGHTMAP_OFF DYNAMICLIGHTMAP_OFF pd= ok=1
Cmd: compileSnippet
  api=0 type=1 insize=7647 outsize=6 kw=DIRECTIONAL SHADOWS_OFF LIGHTMAP_OFF DIRLIGHTMAP_OFF DYNAMICLIGHTMAP_OFF pd= ok=1
Cmd: compileSnippet
  api=0 type=0 insize=5215 outsize=5140 kw=DIRECTIONAL pd= ok=1
Cmd: compileSnippet
  api=0 type=1 insize=5215 outsize=6 kw=DIRECTIONAL pd= ok=1
Cmd: compileSnippet
  api=0 type=0 insize=3985 outsize=1504 kw= pd= ok=1
Cmd: compileSnippet
  api=0 type=1 insize=3985 outsize=6 kw= pd= ok=1
Cmd: preprocess
  insize=5213 outsize=2186 ok=1
Cmd: preprocess
  insize=12988 outsize=2702 ok=1
Cmd: preprocess
  insize=12155 outsize=2582 ok=1
Cmd: preprocess
  insize=3056 outsize=1760 ok=1
Cmd: compileSnippet
  api=0 type=0 insize=64711 outsize=4436 kw=DIRECTIONAL SHADOWS_SCREEN LIGHTMAP_OFF DIRLIGHTMAP_OFF DYNAMICLIGHTMAP_OFF FOG_LINEAR pd= ok=1
Cmd: compileSnippet
  api=0 type=1 insize=64711 outsize=6 kw=DIRECTIONAL SHADOWS_SCREEN LIGHTMAP_OFF DIRLIGHTMAP_OFF DYNAMICLIGHTMAP_OFF FOG_LINEAR pd= ok=1
Cmd: compileSnippet
  api=0 type=0 insize=64711 outsize=4005 kw=DIRECTIONAL SHADOWS_OFF LIGHTMAP_OFF DIRLIGHTMAP_OFF DYNAMICLIGHTMAP_OFF FOG_LINEAR pd= ok=1
Cmd: compileSnippet
  api=0 type=1 insize=64711 outsize=6 kw=DIRECTIONAL SHADOWS_OFF LIGHTMAP_OFF DIRLIGHTMAP_OFF DYNAMICLIGHTMAP_OFF FOG_LINEAR pd= ok=1
Cmd: compileSnippet
  api=0 type=0 insize=6924 outsize=2596 kw=DIRECTIONAL SHADOWS_OFF LIGHTMAP_OFF DIRLIGHTMAP_OFF DYNAMICLIGHTMAP_OFF FOG_LINEAR pd= ok=1
Cmd: compileSnippet
  api=0 type=1 insize=6924 outsize=6 kw=DIRECTIONAL SHADOWS_OFF LIGHTMAP_OFF DIRLIGHTMAP_OFF DYNAMICLIGHTMAP_OFF FOG_LINEAR pd= ok=1
Cmd: compileSnippet
  api=0 type=0 insize=64711 outsize=4109 kw=DIRECTIONAL SHADOWS_SCREEN LIGHTMAP_OFF DIRLIGHTMAP_OFF DYNAMICLIGHTMAP_OFF pd= ok=1
Cmd: compileSnippet
  api=0 type=1 insize=64711 outsize=6 kw=DIRECTIONAL SHADOWS_SCREEN LIGHTMAP_OFF DIRLIGHTMAP_OFF DYNAMICLIGHTMAP_OFF pd= ok=1
Cmd: compileSnippet
  api=0 type=0 insize=3093 outsize=2381 kw= pd= ok=1
Cmd: compileSnippet
  api=0 type=1 insize=3093 outsize=6 kw= pd= ok=1
Cmd: compileSnippet
  api=0 type=0 insize=64711 outsize=3932 kw=DIRECTIONAL SHADOWS_SCREEN LIGHTMAP_OFF DIRLIGHTMAP_COMBINED DYNAMICLIGHTMAP_ON pd= ok=1
Cmd: compileSnippet
  api=0 type=1 insize=64711 outsize=6 kw=DIRECTIONAL SHADOWS_SCREEN LIGHTMAP_OFF DIRLIGHTMAP_COMBINED DYNAMICLIGHTMAP_ON pd= ok=1
Cmd: compileSnippet
  api=0 type=0 insize=64711 outsize=3470 kw=DIRECTIONAL SHADOWS_OFF LIGHTMAP_OFF DIRLIGHTMAP_COMBINED DYNAMICLIGHTMAP_ON pd= ok=1
Cmd: compileSnippet
  api=0 type=1 insize=64711 outsize=6 kw=DIRECTIONAL SHADOWS_OFF LIGHTMAP_OFF DIRLIGHTMAP_COMBINED DYNAMICLIGHTMAP_ON pd= ok=1
Cmd: compileSnippet
  api=0 type=0 insize=3149 outsize=1332 kw= pd= ok=1
Cmd: compileSnippet
  api=0 type=1 insize=3149 outsize=6 kw= pd= ok=1
Cmd: compileSnippet
  api=0 type=0 insize=6015 outsize=2747 kw=LIGHTMAP_OFF DIRLIGHTMAP_OFF DYNAMICLIGHTMAP_OFF HDR_LIGHT_PREPASS_OFF pd= ok=1
Cmd: compileSnippet
  api=0 type=1 insize=6015 outsize=6 kw=LIGHTMAP_OFF DIRLIGHTMAP_OFF DYNAMICLIGHTMAP_OFF HDR_LIGHT_PREPASS_OFF pd= ok=1
Cmd: compileSnippet
  api=0 type=0 insize=4415 outsize=2521 kw= pd= ok=1
Cmd: compileSnippet
  api=0 type=1 insize=4415 outsize=6 kw= pd= ok=1
Cmd: compileSnippet
  api=0 type=0 insize=6887 outsize=3054 kw=LIGHTMAP_OFF DIRLIGHTMAP_OFF DYNAMICLIGHTMAP_OFF HDR_LIGHT_PREPASS_OFF pd= ok=1
Cmd: compileSnippet
  api=0 type=1 insize=6887 outsize=6 kw=LIGHTMAP_OFF DIRLIGHTMAP_OFF DYNAMICLIGHTMAP_OFF HDR_LIGHT_PREPASS_OFF pd= ok=1
Cmd: compileSnippet
  api=0 type=0 insize=751 outsize=976 kw=SHADOWS_CUBE _ALPHABLEND_ON pd= ok=1
Cmd: compileSnippet
  api=0 type=1 insize=751 outsize=6 kw=SHADOWS_CUBE _ALPHABLEND_ON pd= ok=1
Cmd: compileSnippet
  api=0 type=0 insize=938 outsize=6197 kw=POINT SHADOWS_OFF _ALPHABLEND_ON pd= ok=1
Cmd: compileSnippet
  api=0 type=1 insize=938 outsize=6 kw=POINT SHADOWS_OFF _ALPHABLEND_ON pd= ok=1
Cmd: compileSnippet
  api=0 type=0 insize=982 outsize=11488 kw=DIRECTIONAL SHADOWS_OFF LIGHTMAP_OFF DIRLIGHTMAP_OFF DYNAMICLIGHTMAP_OFF VERTEXLIGHT_ON _ALPHABLEND_ON pd= ok=1
Cmd: compileSnippet
  api=0 type=0 insize=982 outsize=11377 kw=DIRECTIONAL SHADOWS_OFF LIGHTMAP_OFF DIRLIGHTMAP_OFF DYNAMICLIGHTMAP_OFF VERTEXLIGHT_ON pd= ok=1
Cmd: compileSnippet
  api=0 type=0 insize=7139 outsize=3940 kw=DIRECTIONAL SHADOWS_OFF LIGHTMAP_OFF DIRLIGHTMAP_OFF DYNAMICLIGHTMAP_OFF VERTEXLIGHT_ON pd= ok=1
Cmd: compileSnippet
  api=0 type=0 insize=7139 outsize=4448 kw=DIRECTIONAL SHADOWS_SCREEN LIGHTMAP_OFF DIRLIGHTMAP_OFF DYNAMICLIGHTMAP_OFF VERTEXLIGHT_ON pd= ok=1
Cmd: compileSnippet
  api=0 type=0 insize=3868 outsize=2208 kw=POINT pd= ok=1
Cmd: compileSnippet
  api=0 type=1 insize=3868 outsize=6 kw=POINT pd= ok=1
Cmd: compileSnippet
  api=0 type=0 insize=2989 outsize=1011 kw= pd= ok=1
Cmd: compileSnippet
  api=0 type=1 insize=2989 outsize=6 kw= pd= ok=1
Cmd: compileSnippet
  api=0 type=0 insize=6052 outsize=2794 kw=LIGHTMAP_OFF DIRLIGHTMAP_OFF DYNAMICLIGHTMAP_OFF HDR_LIGHT_PREPASS_OFF pd= ok=1
Cmd: compileSnippet
  api=0 type=1 insize=6052 outsize=6 kw=LIGHTMAP_OFF DIRLIGHTMAP_OFF DYNAMICLIGHTMAP_OFF HDR_LIGHT_PREPASS_OFF pd= ok=1
Cmd: compileSnippet
  api=0 type=0 insize=6054 outsize=2757 kw=LIGHTMAP_OFF DIRLIGHTMAP_OFF DYNAMICLIGHTMAP_OFF HDR_LIGHT_PREPASS_OFF pd= ok=1
Cmd: compileSnippet
  api=0 type=1 insize=6054 outsize=6 kw=LIGHTMAP_OFF DIRLIGHTMAP_OFF DYNAMICLIGHTMAP_OFF HDR_LIGHT_PREPASS_OFF pd= ok=1
Cmd: compileSnippet
  api=0 type=0 insize=3180 outsize=2341 kw= pd= ok=1
Cmd: compileSnippet
  api=0 type=1 insize=3180 outsize=6 kw= pd= ok=1
Cmd: compileSnippet
  api=0 type=0 insize=982 outsize=11844 kw=DIRECTIONAL SHADOWS_SCREEN LIGHTMAP_OFF DIRLIGHTMAP_OFF DYNAMICLIGHTMAP_OFF VERTEXLIGHT_ON pd= ok=1
Cmd: compileSnippet
  api=0 type=0 insize=938 outsize=6048 kw=DIRECTIONAL_COOKIE SHADOWS_OFF pd= ok=1
Cmd: compileSnippet
  api=0 type=0 insize=938 outsize=6245 kw=DIRECTIONAL SHADOWS_SCREEN pd= ok=1
Cmd: compileSnippet
  api=0 type=0 insize=938 outsize=7969 kw=POINT_COOKIE SHADOWS_CUBE SHADOWS_SOFT pd= ok=1
Cmd: compileSnippet
  api=0 type=1 insize=938 outsize=6 kw=DIRECTIONAL_COOKIE SHADOWS_OFF pd= ok=1
Cmd: compileSnippet
  api=0 type=1 insize=938 outsize=6 kw=POINT SHADOWS_CUBE pd= ok=1
Cmd: compileSnippet
  api=0 type=1 insize=938 outsize=6 kw=POINT_COOKIE SHADOWS_CUBE SHADOWS_SOFT pd= ok=1
Cmd: compileSnippet
  api=0 type=0 insize=1152 outsize=4215 kw=LIGHTMAP_OFF DIRLIGHTMAP_OFF DYNAMICLIGHTMAP_OFF pd= ok=1
Cmd: compileSnippet
  api=0 type=0 insize=1152 outsize=4206 kw=LIGHTMAP_OFF DIRLIGHTMAP_OFF DYNAMICLIGHTMAP_OFF UNITY_HDR_ON pd= ok=1
Cmd: compileSnippet
  api=0 type=1 insize=1152 outsize=6 kw=LIGHTMAP_OFF DIRLIGHTMAP_OFF DYNAMICLIGHTMAP_OFF pd= ok=1
Cmd: compileSnippet
  api=0 type=1 insize=1152 outsize=6 kw=LIGHTMAP_OFF DIRLIGHTMAP_OFF DYNAMICLIGHTMAP_OFF UNITY_HDR_ON pd= ok=1
Cmd: compileSnippet
  api=0 type=0 insize=530 outsize=3063 kw= pd= ok=1
Cmd: compileSnippet
  api=0 type=1 insize=530 outsize=6 kw= pd= ok=1
Cmd: compileSnippet
  api=0 type=0 insize=886 outsize=5198 kw=DIRECTIONAL SHADOWS_OFF LIGHTMAP_OFF DIRLIGHTMAP_OFF DYNAMICLIGHTMAP_OFF pd= ok=1
Cmd: compileSnippet
  api=0 type=1 insize=886 outsize=6 kw=DIRECTIONAL SHADOWS_OFF LIGHTMAP_OFF DIRLIGHTMAP_OFF DYNAMICLIGHTMAP_OFF pd= ok=1
Cmd: compileSnippet
  api=0 type=0 insize=816 outsize=4885 kw=POINT SHADOWS_OFF pd= ok=1
Cmd: compileSnippet
  api=0 type=0 insize=816 outsize=5035 kw=DIRECTIONAL SHADOWS_SCREEN pd= ok=1
Cmd: compileSnippet
  api=0 type=1 insize=816 outsize=6 kw=POINT SHADOWS_OFF pd= ok=1
Cmd: compileSnippet
  api=0 type=1 insize=816 outsize=6 kw=DIRECTIONAL_COOKIE SHADOWS_OFF pd= ok=1
Cmd: compileSnippet
  api=0 type=1 insize=816 outsize=6 kw=POINT_COOKIE SHADOWS_CUBE pd= ok=1
Cmd: compileSnippet
  api=0 type=0 insize=600 outsize=1893 kw=SHADOWS_DEPTH pd= ok=1
Cmd: compileSnippet
  api=0 type=1 insize=600 outsize=6 kw=SHADOWS_DEPTH pd= ok=1
Cmd: compileSnippet
  api=0 type=0 insize=530 outsize=3063 kw= pd= ok=1
Cmd: compileSnippet
  api=0 type=1 insize=530 outsize=6 kw= pd= ok=1
Cmd: compileSnippet
  api=0 type=0 insize=13030 outsize=5705 kw=_SUNDISK_NONE pd= ok=1
Cmd: compileSnippet
  api=0 type=1 insize=13030 outsize=6 kw=_SUNDISK_NONE pd= ok=1
Cmd: compileSnippet
  api=0 type=0 insize=7058 outsize=2358 kw=DIRECTIONAL SHADOWS_OFF LIGHTMAP_OFF DIRLIGHTMAP_OFF DYNAMICLIGHTMAP_OFF pd= ok=1
Cmd: compileSnippet
  api=0 type=0 insize=7058 outsize=3594 kw=DIRECTIONAL SHADOWS_OFF LIGHTMAP_OFF DIRLIGHTMAP_OFF DYNAMICLIGHTMAP_OFF VERTEXLIGHT_ON pd= ok=1
Cmd: compileSnippet
  api=0 type=1 insize=7058 outsize=6 kw=DIRECTIONAL SHADOWS_OFF LIGHTMAP_OFF DIRLIGHTMAP_OFF DYNAMICLIGHTMAP_OFF pd= ok=1
Cmd: compileSnippet
  api=0 type=0 insize=3804 outsize=1878 kw=POINT pd= ok=1
Cmd: compileSnippet
  api=0 type=1 insize=3804 outsize=6 kw=POINT pd= ok=1
Cmd: compileSnippet
  api=0 type=1 insize=3804 outsize=6 kw=DIRECTIONAL_COOKIE pd= ok=1
Cmd: compileSnippet
  api=0 type=0 insize=2937 outsize=978 kw= pd= ok=1
Cmd: compileSnippet
  api=0 type=1 insize=2937 outsize=6 kw= pd= ok=1
Cmd: compileSnippet
  api=0 type=0 insize=6071 outsize=2746 kw=LIGHTMAP_OFF DIRLIGHTMAP_OFF DYNAMICLIGHTMAP_OFF HDR_LIGHT_PREPASS_OFF pd= ok=1
Cmd: compileSnippet
  api=0 type=1 insize=6071 outsize=6 kw=LIGHTMAP_OFF DIRLIGHTMAP_OFF DYNAMICLIGHTMAP_OFF HDR_LIGHT_PREPASS_OFF pd= ok=1
Cmd: compileSnippet
  api=0 type=0 insize=5948 outsize=2703 kw=LIGHTMAP_OFF DIRLIGHTMAP_OFF DYNAMICLIGHTMAP_OFF HDR_LIGHT_PREPASS_OFF pd= ok=1
Cmd: compileSnippet
  api=0 type=1 insize=5948 outsize=6 kw=LIGHTMAP_OFF DIRLIGHTMAP_OFF DYNAMICLIGHTMAP_OFF HDR_LIGHT_PREPASS_OFF pd= ok=1
Cmd: compileSnippet
  api=0 type=0 insize=4027 outsize=1549 kw= pd= ok=1
Cmd: compileSnippet
  api=0 type=1 insize=4027 outsize=6 kw= pd= ok=1
Cmd: compileSnippet
  api=0 type=0 insize=1798 outsize=984 kw= pd= ok=1
Cmd: compileSnippet
  api=0 type=1 insize=1798 outsize=6 kw= pd= ok=1
Cmd: compileSnippet
  api=0 type=0 insize=7271 outsize=4171 kw=DIRECTIONAL SHADOWS_OFF LIGHTMAP_OFF DIRLIGHTMAP_OFF DYNAMICLIGHTMAP_OFF pd= ok=1
Cmd: compileSnippet
  api=0 type=0 insize=7271 outsize=4543 kw=DIRECTIONAL SHADOWS_SCREEN LIGHTMAP_OFF DIRLIGHTMAP_COMBINED DYNAMICLIGHTMAP_ON VERTEXLIGHT_ON pd= ok=1
Cmd: compileSnippet
  api=0 type=1 insize=7271 outsize=6 kw=DIRECTIONAL SHADOWS_OFF LIGHTMAP_OFF DIRLIGHTMAP_OFF DYNAMICLIGHTMAP_OFF pd= ok=1
Cmd: compileSnippet
  api=0 type=0 insize=4017 outsize=3660 kw=POINT pd= ok=1
Cmd: compileSnippet
  api=0 type=1 insize=4017 outsize=6 kw=POINT pd= ok=1
Cmd: compileSnippet
  api=0 type=0 insize=3392 outsize=3048 kw= pd= ok=1
Cmd: compileSnippet
  api=0 type=1 insize=3392 outsize=6 kw= pd= ok=1
Cmd: compileSnippet
  api=0 type=0 insize=6285 outsize=4559 kw=LIGHTMAP_OFF DIRLIGHTMAP_OFF DYNAMICLIGHTMAP_OFF HDR_LIGHT_PREPASS_OFF pd= ok=1
Cmd: compileSnippet
  api=0 type=1 insize=6285 outsize=6 kw=LIGHTMAP_OFF DIRLIGHTMAP_OFF DYNAMICLIGHTMAP_OFF HDR_LIGHT_PREPASS_OFF pd= ok=1
Cmd: compileSnippet
  api=0 type=0 insize=4069 outsize=1670 kw= pd= ok=1
Cmd: compileSnippet
  api=0 type=1 insize=4069 outsize=6 kw= pd= ok=1
Cmd: compileSnippet
  api=0 type=0 insize=1836 outsize=1121 kw= pd= ok=1
Cmd: compileSnippet
  api=0 type=1 insize=1836 outsize=6 kw= pd= ok=1
Cmd: compileSnippet
  api=0 type=0 insize=7662 outsize=4620 kw=DIRECTIONAL SHADOWS_OFF LIGHTMAP_OFF DIRLIGHTMAP_OFF DYNAMICLIGHTMAP_OFF pd= ok=1
Cmd: compileSnippet
  api=0 type=0 insize=7662 outsize=5865 kw=DIRECTIONAL SHADOWS_OFF LIGHTMAP_OFF DIRLIGHTMAP_OFF DYNAMICLIGHTMAP_OFF VERTEXLIGHT_ON pd= ok=1
Cmd: compileSnippet
  api=0 type=1 insize=7662 outsize=6 kw=DIRECTIONAL SHADOWS_OFF LIGHTMAP_OFF DIRLIGHTMAP_OFF DYNAMICLIGHTMAP_OFF pd= ok=1
Cmd: compileSnippet
  api=0 type=0 insize=4408 outsize=4109 kw=POINT pd= ok=1
Cmd: compileSnippet
  api=0 type=1 insize=4408 outsize=6 kw=POINT pd= ok=1
Cmd: compileSnippet
  api=0 type=1 insize=4408 outsize=6 kw=DIRECTIONAL_COOKIE pd= ok=1
Cmd: compileSnippet
  api=0 type=0 insize=3783 outsize=3497 kw= pd= ok=1
Cmd: compileSnippet
  api=0 type=1 insize=3783 outsize=6 kw= pd= ok=1
Cmd: compileSnippet
  api=0 type=0 insize=6676 outsize=5017 kw=LIGHTMAP_OFF DIRLIGHTMAP_OFF DYNAMICLIGHTMAP_OFF HDR_LIGHT_PREPASS_OFF pd= ok=1
Cmd: compileSnippet
  api=0 type=1 insize=6676 outsize=6 kw=LIGHTMAP_OFF DIRLIGHTMAP_OFF DYNAMICLIGHTMAP_OFF HDR_LIGHT_PREPASS_OFF pd= ok=1
Cmd: compileSnippet
  api=0 type=0 insize=3806 outsize=4650 kw= pd= ok=1
Cmd: compileSnippet
  api=0 type=1 insize=3806 outsize=6 kw= pd= ok=1
Cmd: compileSnippet
  api=0 type=0 insize=65047 outsize=3719 kw=DIRECTIONAL SHADOWS_OFF LIGHTMAP_OFF DIRLIGHTMAP_OFF DYNAMICLIGHTMAP_OFF pd= ok=1
Cmd: compileSnippet
  api=0 type=0 insize=65047 outsize=4952 kw=DIRECTIONAL SHADOWS_OFF LIGHTMAP_OFF DIRLIGHTMAP_OFF DYNAMICLIGHTMAP_OFF VERTEXLIGHT_ON pd= ok=1
Cmd: compileSnippet
  api=0 type=0 insize=65047 outsize=5424 kw=DIRECTIONAL SHADOWS_OFF LIGHTMAP_OFF DIRLIGHTMAP_COMBINED DYNAMICLIGHTMAP_ON _TERRAIN_NORMAL_MAP pd= ok=1
Cmd: compileSnippet
  api=0 type=0 insize=65047 outsize=7235 kw=DIRECTIONAL SHADOWS_SCREEN LIGHTMAP_OFF DIRLIGHTMAP_OFF DYNAMICLIGHTMAP_OFF VERTEXLIGHT_ON _TERRAIN_NORMAL_MAP pd= ok=1
Cmd: compileSnippet
  api=0 type=1 insize=65047 outsize=6 kw=DIRECTIONAL SHADOWS_OFF LIGHTMAP_OFF DIRLIGHTMAP_OFF DYNAMICLIGHTMAP_OFF pd= ok=1
Cmd: compileSnippet
  api=0 type=1 insize=65047 outsize=6 kw=DIRECTIONAL SHADOWS_OFF LIGHTMAP_OFF DIRLIGHTMAP_OFF DYNAMICLIGHTMAP_OFF _TERRAIN_NORMAL_MAP pd= ok=1
Cmd: compileSnippet
  api=0 type=0 insize=41221 outsize=3183 kw=POINT pd= ok=1
Cmd: compileSnippet
  api=0 type=0 insize=41221 outsize=5106 kw=SPOT _TERRAIN_NORMAL_MAP pd= ok=1
Cmd: compileSnippet
  api=0 type=0 insize=41221 outsize=4860 kw=DIRECTIONAL_COOKIE _TERRAIN_NORMAL_MAP pd= ok=1
Cmd: compileSnippet
  api=0 type=1 insize=41221 outsize=6 kw=POINT pd= ok=1
Cmd: compileSnippet
  api=0 type=1 insize=41221 outsize=6 kw=DIRECTIONAL_COOKIE pd= ok=1
Cmd: compileSnippet
  api=0 type=1 insize=41221 outsize=6 kw=DIRECTIONAL_COOKIE _TERRAIN_NORMAL_MAP pd= ok=1
Cmd: compileSnippet
  api=0 type=0 insize=35146 outsize=1436 kw= pd= ok=1
Cmd: compileSnippet
  api=0 type=1 insize=35146 outsize=6 kw= pd= ok=1
Cmd: compileSnippet
  api=0 type=0 insize=57091 outsize=4025 kw=LIGHTMAP_OFF DIRLIGHTMAP_OFF DYNAMICLIGHTMAP_OFF HDR_LIGHT_PREPASS_OFF pd= ok=1
Cmd: compileSnippet
  api=0 type=0 insize=57091 outsize=4461 kw=LIGHTMAP_OFF DIRLIGHTMAP_COMBINED DYNAMICLIGHTMAP_ON HDR_LIGHT_PREPASS_OFF _TERRAIN_NORMAL_MAP pd= ok=1
Cmd: compileSnippet
  api=0 type=1 insize=57091 outsize=6 kw=LIGHTMAP_OFF DIRLIGHTMAP_OFF DYNAMICLIGHTMAP_OFF HDR_LIGHT_PREPASS_OFF pd= ok=1
Cmd: compileSnippet
  api=0 type=1 insize=57091 outsize=6 kw=LIGHTMAP_OFF DIRLIGHTMAP_COMBINED DYNAMICLIGHTMAP_ON HDR_LIGHT_PREPASS_OFF _TERRAIN_NORMAL_MAP pd= ok=1
Cmd: compileSnippet
  api=0 type=0 insize=59589 outsize=4276 kw=LIGHTMAP_OFF DIRLIGHTMAP_OFF DYNAMICLIGHTMAP_OFF HDR_LIGHT_PREPASS_OFF pd= ok=1
Cmd: compileSnippet
  api=0 type=0 insize=59589 outsize=5961 kw=LIGHTMAP_OFF DIRLIGHTMAP_COMBINED DYNAMICLIGHTMAP_ON HDR_LIGHT_PREPASS_OFF _TERRAIN_NORMAL_MAP pd= ok=1
Cmd: compileSnippet
  api=0 type=1 insize=59589 outsize=6 kw=LIGHTMAP_OFF DIRLIGHTMAP_OFF DYNAMICLIGHTMAP_OFF HDR_LIGHT_PREPASS_OFF pd= ok=1
Cmd: compileSnippet
  api=0 type=1 insize=59589 outsize=6 kw=LIGHTMAP_OFF DIRLIGHTMAP_OFF DYNAMICLIGHTMAP_OFF HDR_LIGHT_PREPASS_OFF _TERRAIN_NORMAL_MAP pd= ok=1
Cmd: compileSnippet
  api=0 type=0 insize=37210 outsize=3756 kw= pd= ok=1
Cmd: compileSnippet
  api=0 type=1 insize=37210 outsize=6 kw= pd= ok=1
Cmd: compileSnippet
  api=0 type=0 insize=31775 outsize=3633 kw=DIRECTIONAL SHADOWS_OFF LIGHTMAP_OFF DIRLIGHTMAP_OFF DYNAMICLIGHTMAP_OFF pd= ok=1
Cmd: compileSnippet
  api=0 type=0 insize=31775 outsize=4874 kw=DIRECTIONAL SHADOWS_OFF LIGHTMAP_OFF DIRLIGHTMAP_OFF DYNAMICLIGHTMAP_OFF VERTEXLIGHT_ON pd= ok=1
Cmd: compileSnippet
  api=0 type=1 insize=31775 outsize=6 kw=DIRECTIONAL SHADOWS_OFF LIGHTMAP_OFF DIRLIGHTMAP_OFF DYNAMICLIGHTMAP_OFF pd= ok=1
Cmd: compileSnippet
  api=0 type=0 insize=18512 outsize=3183 kw=POINT pd= ok=1
Cmd: compileSnippet
  api=0 type=1 insize=18512 outsize=6 kw=POINT pd= ok=1
Cmd: compileSnippet
  api=0 type=0 insize=14273 outsize=1436 kw= pd= ok=1
Cmd: compileSnippet
  api=0 type=1 insize=14273 outsize=6 kw= pd= ok=1
Cmd: compileSnippet
  api=0 type=0 insize=27566 outsize=4025 kw=LIGHTMAP_OFF DIRLIGHTMAP_OFF DYNAMICLIGHTMAP_OFF HDR_LIGHT_PREPASS_OFF pd= ok=1
Cmd: compileSnippet
  api=0 type=1 insize=27566 outsize=6 kw=LIGHTMAP_OFF DIRLIGHTMAP_OFF DYNAMICLIGHTMAP_OFF HDR_LIGHT_PREPASS_OFF pd= ok=1
Cmd: compileSnippet
  api=0 type=0 insize=27708 outsize=4264 kw=LIGHTMAP_OFF DIRLIGHTMAP_OFF DYNAMICLIGHTMAP_OFF HDR_LIGHT_PREPASS_OFF pd= ok=1
Cmd: compileSnippet
  api=0 type=1 insize=27708 outsize=6 kw=LIGHTMAP_OFF DIRLIGHTMAP_OFF DYNAMICLIGHTMAP_OFF HDR_LIGHT_PREPASS_OFF pd= ok=1
Cmd: compileSnippet
  api=0 type=0 insize=16561 outsize=3756 kw= pd= ok=1
Cmd: compileSnippet
  api=0 type=1 insize=16561 outsize=6 kw= pd= ok=1
Cmd: compileSnippet
  api=0 type=0 insize=64711 outsize=5473 kw=DIRECTIONAL SHADOWS_OFF LIGHTMAP_OFF DIRLIGHTMAP_OFF DYNAMICLIGHTMAP_OFF _TERRAIN_NORMAL_MAP pd= ok=1
Cmd: compileSnippet
  api=0 type=0 insize=64711 outsize=5817 kw=DIRECTIONAL SHADOWS_SCREEN LIGHTMAP_OFF DIRLIGHTMAP_COMBINED DYNAMICLIGHTMAP_ON _TERRAIN_NORMAL_MAP pd= ok=1
Cmd: compileSnippet
  api=0 type=0 insize=64711 outsize=5817 kw=DIRECTIONAL SHADOWS_SCREEN LIGHTMAP_OFF DIRLIGHTMAP_COMBINED DYNAMICLIGHTMAP_ON VERTEXLIGHT_ON _TERRAIN_NORMAL_MAP pd= ok=1
Cmd: compileSnippet
  api=0 type=1 insize=64711 outsize=6 kw=DIRECTIONAL SHADOWS_OFF LIGHTMAP_OFF DIRLIGHTMAP_OFF DYNAMICLIGHTMAP_OFF _TERRAIN_NORMAL_MAP pd= ok=1
Cmd: compileSnippet
  api=0 type=0 insize=40885 outsize=2997 kw=DIRECTIONAL_COOKIE pd= ok=1
Cmd: compileSnippet
  api=0 type=0 insize=40885 outsize=5021 kw=SPOT _TERRAIN_NORMAL_MAP pd= ok=1
Cmd: compileSnippet
  api=0 type=1 insize=40885 outsize=6 kw=DIRECTIONAL_COOKIE pd= ok=1
Cmd: compileSnippet
  api=0 type=1 insize=40885 outsize=6 kw=POINT_COOKIE _TERRAIN_NORMAL_MAP pd= ok=1
Cmd: compileSnippet
  api=0 type=0 insize=56755 outsize=3944 kw=LIGHTMAP_OFF DIRLIGHTMAP_OFF DYNAMICLIGHTMAP_OFF HDR_LIGHT_PREPASS_OFF _TERRAIN_NORMAL_MAP pd= ok=1
Cmd: compileSnippet
  api=0 type=1 insize=56755 outsize=6 kw=LIGHTMAP_OFF DIRLIGHTMAP_OFF DYNAMICLIGHTMAP_OFF HDR_LIGHT_PREPASS_OFF _TERRAIN_NORMAL_MAP pd= ok=1
Cmd: compileSnippet
  api=0 type=0 insize=59253 outsize=4190 kw=LIGHTMAP_OFF DIRLIGHTMAP_OFF DYNAMICLIGHTMAP_OFF HDR_LIGHT_PREPASS_OFF pd= ok=1
Cmd: compileSnippet
  api=0 type=0 insize=59253 outsize=5681 kw=LIGHTMAP_OFF DIRLIGHTMAP_COMBINED DYNAMICLIGHTMAP_ON UNITY_HDR_ON _TERRAIN_NORMAL_MAP pd= ok=1
Cmd: compileSnippet
  api=0 type=1 insize=59253 outsize=6 kw=LIGHTMAP_OFF DIRLIGHTMAP_OFF DYNAMICLIGHTMAP_OFF HDR_LIGHT_PREPASS_OFF pd= ok=1
Cmd: compileSnippet
  api=0 type=1 insize=59253 outsize=6 kw=LIGHTMAP_OFF DIRLIGHTMAP_COMBINED DYNAMICLIGHTMAP_ON UNITY_HDR_ON _TERRAIN_NORMAL_MAP pd= ok=1
Cmd: compileSnippet
  api=0 type=0 insize=36874 outsize=3616 kw= pd= ok=1
Cmd: compileSnippet
  api=0 type=1 insize=36874 outsize=6 kw= pd= ok=1
Cmd: compileSnippet
  api=0 type=0 insize=31607 outsize=3552 kw=DIRECTIONAL SHADOWS_OFF LIGHTMAP_OFF DIRLIGHTMAP_OFF DYNAMICLIGHTMAP_OFF pd= ok=1
Cmd: compileSnippet
  api=0 type=0 insize=31607 outsize=5269 kw=DIRECTIONAL SHADOWS_SCREEN LIGHTMAP_OFF DIRLIGHTMAP_OFF DYNAMICLIGHTMAP_OFF VERTEXLIGHT_ON pd= ok=1
Cmd: compileSnippet
  api=0 type=1 insize=31607 outsize=6 kw=DIRECTIONAL SHADOWS_OFF LIGHTMAP_OFF DIRLIGHTMAP_OFF DYNAMICLIGHTMAP_OFF pd= ok=1
Cmd: compileSnippet
  api=0 type=0 insize=18344 outsize=3097 kw=POINT pd= ok=1
Cmd: compileSnippet
  api=0 type=0 insize=18344 outsize=2997 kw=DIRECTIONAL_COOKIE pd= ok=1
Cmd: compileSnippet
  api=0 type=1 insize=18344 outsize=6 kw=POINT pd= ok=1
Cmd: compileSnippet
  api=0 type=0 insize=14105 outsize=1314 kw= pd= ok=1
Cmd: compileSnippet
  api=0 type=1 insize=14105 outsize=6 kw= pd= ok=1
Cmd: compileSnippet
  api=0 type=0 insize=27398 outsize=3944 kw=LIGHTMAP_OFF DIRLIGHTMAP_OFF DYNAMICLIGHTMAP_OFF HDR_LIGHT_PREPASS_OFF pd= ok=1
Cmd: compileSnippet
  api=0 type=1 insize=27398 outsize=6 kw=LIGHTMAP_OFF DIRLIGHTMAP_OFF DYNAMICLIGHTMAP_OFF HDR_LIGHT_PREPASS_OFF pd= ok=1
Cmd: compileSnippet
  api=0 type=0 insize=27540 outsize=4178 kw=LIGHTMAP_OFF DIRLIGHTMAP_OFF DYNAMICLIGHTMAP_OFF HDR_LIGHT_PREPASS_OFF pd= ok=1
Cmd: compileSnippet
  api=0 type=1 insize=27540 outsize=6 kw=LIGHTMAP_OFF DIRLIGHTMAP_OFF DYNAMICLIGHTMAP_OFF HDR_LIGHT_PREPASS_OFF pd= ok=1
Cmd: compileSnippet
  api=0 type=0 insize=16393 outsize=3616 kw= pd= ok=1
Cmd: compileSnippet
  api=0 type=1 insize=16393 outsize=6 kw= pd= ok=1
Cmd: compileSnippet
  api=0 type=0 insize=1041 outsize=1552 kw= pd= ok=1
Cmd: compileSnippet
  api=0 type=1 insize=1041 outsize=6 kw= pd= ok=1
Cmd: compileSnippet
  api=0 type=0 insize=607 outsize=2563 kw= pd= ok=1
Cmd: compileSnippet
  api=0 type=1 insize=607 outsize=6 kw= pd= ok=1
Cmd: compileSnippet
  api=0 type=0 insize=613 outsize=2802 kw= pd= ok=1
Cmd: compileSnippet
  api=0 type=1 insize=613 outsize=6 kw= pd= ok=1
Cmd: compileSnippet
  api=0 type=0 insize=66838 outsize=3990 kw=DIRECTIONAL SHADOWS_OFF LIGHTMAP_OFF DIRLIGHTMAP_OFF DYNAMICLIGHTMAP_OFF pd= ok=1
Cmd: compileSnippet
  api=0 type=0 insize=66838 outsize=3827 kw=DIRECTIONAL SHADOWS_OFF LIGHTMAP_OFF DIRLIGHTMAP_COMBINED DYNAMICLIGHTMAP_ON VERTEXLIGHT_ON pd= ok=1
Cmd: compileSnippet
  api=0 type=0 insize=66838 outsize=6431 kw=DIRECTIONAL SHADOWS_SCREEN LIGHTMAP_OFF DIRLIGHTMAP_OFF DYNAMICLIGHTMAP_OFF _TERRAIN_NORMAL_MAP pd= ok=1
Cmd: compileSnippet
  api=0 type=0 insize=66838 outsize=6289 kw=DIRECTIONAL SHADOWS_SCREEN LIGHTMAP_OFF DIRLIGHTMAP_COMBINED DYNAMICLIGHTMAP_ON VERTEXLIGHT_ON _TERRAIN_NORMAL_MAP pd= ok=1
Cmd: compileSnippet
  api=0 type=1 insize=66838 outsize=6 kw=DIRECTIONAL SHADOWS_OFF LIGHTMAP_OFF DIRLIGHTMAP_OFF DYNAMICLIGHTMAP_OFF pd= ok=1
Cmd: compileSnippet
  api=0 type=1 insize=66838 outsize=6 kw=DIRECTIONAL SHADOWS_OFF LIGHTMAP_OFF DIRLIGHTMAP_OFF DYNAMICLIGHTMAP_OFF _TERRAIN_NORMAL_MAP pd= ok=1
Cmd: compileSnippet
  api=0 type=0 insize=42676 outsize=3475 kw=POINT pd= ok=1
Cmd: compileSnippet
  api=0 type=0 insize=42676 outsize=5413 kw=SPOT _TERRAIN_NORMAL_MAP pd= ok=1
Cmd: compileSnippet
  api=0 type=1 insize=42676 outsize=6 kw=POINT pd= ok=1
Cmd: compileSnippet
  api=0 type=1 insize=42676 outsize=6 kw=DIRECTIONAL_COOKIE pd= ok=1
Cmd: compileSnippet
  api=0 type=1 insize=42676 outsize=6 kw=DIRECTIONAL_COOKIE _TERRAIN_NORMAL_MAP pd= ok=1
Cmd: compileSnippet
  api=0 type=0 insize=35913 outsize=1347 kw= pd= ok=1
Cmd: compileSnippet
  api=0 type=1 insize=35913 outsize=6 kw= pd= ok=1
Cmd: compileSnippet
  api=0 type=0 insize=57882 outsize=4039 kw=LIGHTMAP_OFF DIRLIGHTMAP_OFF DYNAMICLIGHTMAP_OFF HDR_LIGHT_PREPASS_OFF pd= ok=1
Cmd: compileSnippet
  api=0 type=0 insize=57882 outsize=4039 kw=LIGHTMAP_OFF DIRLIGHTMAP_OFF DYNAMICLIGHTMAP_OFF HDR_LIGHT_PREPASS_OFF _TERRAIN_NORMAL_MAP pd= ok=1
Cmd: compileSnippet
  api=0 type=1 insize=57882 outsize=6 kw=LIGHTMAP_OFF DIRLIGHTMAP_OFF DYNAMICLIGHTMAP_OFF HDR_LIGHT_PREPASS_OFF pd= ok=1
Cmd: compileSnippet
  api=0 type=1 insize=57882 outsize=6 kw=LIGHTMAP_OFF DIRLIGHTMAP_OFF DYNAMICLIGHTMAP_OFF UNITY_HDR_ON _TERRAIN_NORMAL_MAP pd= ok=1
Cmd: compileSnippet
  api=0 type=0 insize=61380 outsize=4319 kw=LIGHTMAP_OFF DIRLIGHTMAP_OFF DYNAMICLIGHTMAP_OFF HDR_LIGHT_PREPASS_OFF pd= ok=1
Cmd: compileSnippet
  api=0 type=0 insize=61380 outsize=5810 kw=LIGHTMAP_OFF DIRLIGHTMAP_COMBINED DYNAMICLIGHTMAP_ON UNITY_HDR_ON _TERRAIN_NORMAL_MAP pd= ok=1
Cmd: compileSnippet
  api=0 type=1 insize=61380 outsize=6 kw=LIGHTMAP_OFF DIRLIGHTMAP_OFF DYNAMICLIGHTMAP_OFF HDR_LIGHT_PREPASS_OFF pd= ok=1
Cmd: compileSnippet
  api=0 type=1 insize=61380 outsize=6 kw=LIGHTMAP_OFF DIRLIGHTMAP_COMBINED DYNAMICLIGHTMAP_ON HDR_LIGHT_PREPASS_OFF _TERRAIN_NORMAL_MAP pd= ok=1
Cmd: compileSnippet
  api=0 type=0 insize=37977 outsize=3616 kw= pd= ok=1
Cmd: compileSnippet
  api=0 type=1 insize=37977 outsize=6 kw= pd= ok=1
Cmd: compileSnippet
  api=0 type=0 insize=67174 outsize=4076 kw=DIRECTIONAL SHADOWS_OFF LIGHTMAP_OFF DIRLIGHTMAP_OFF DYNAMICLIGHTMAP_OFF pd= ok=1
Cmd: compileSnippet
  api=0 type=0 insize=67174 outsize=5309 kw=DIRECTIONAL SHADOWS_OFF LIGHTMAP_OFF DIRLIGHTMAP_OFF DYNAMICLIGHTMAP_OFF VERTEXLIGHT_ON pd= ok=1
Cmd: compileSnippet
  api=0 type=0 insize=67174 outsize=5864 kw=DIRECTIONAL SHADOWS_OFF LIGHTMAP_OFF DIRLIGHTMAP_COMBINED DYNAMICLIGHTMAP_ON _TERRAIN_NORMAL_MAP pd= ok=1
Cmd: compileSnippet
  api=0 type=0 insize=67174 outsize=7188 kw=DIRECTIONAL SHADOWS_OFF LIGHTMAP_OFF DIRLIGHTMAP_OFF DYNAMICLIGHTMAP_OFF VERTEXLIGHT_ON _TERRAIN_NORMAL_MAP pd= ok=1
Cmd: compileSnippet
  api=0 type=1 insize=67174 outsize=6 kw=DIRECTIONAL SHADOWS_OFF LIGHTMAP_OFF DIRLIGHTMAP_OFF DYNAMICLIGHTMAP_OFF pd= ok=1
Cmd: compileSnippet
  api=0 type=1 insize=67174 outsize=6 kw=DIRECTIONAL SHADOWS_OFF LIGHTMAP_OFF DIRLIGHTMAP_OFF DYNAMICLIGHTMAP_OFF _TERRAIN_NORMAL_MAP pd= ok=1
Cmd: compileSnippet
  api=0 type=0 insize=43012 outsize=3560 kw=POINT pd= ok=1
Cmd: compileSnippet
  api=0 type=0 insize=43012 outsize=5339 kw=POINT _TERRAIN_NORMAL_MAP pd= ok=1
Cmd: compileSnippet
  api=0 type=1 insize=43012 outsize=6 kw=POINT pd= ok=1
Cmd: compileSnippet
  api=0 type=1 insize=43012 outsize=6 kw=DIRECTIONAL_COOKIE pd= ok=1
Cmd: compileSnippet
  api=0 type=1 insize=43012 outsize=6 kw=POINT_COOKIE _TERRAIN_NORMAL_MAP pd= ok=1
Cmd: compileSnippet
  api=0 type=0 insize=36249 outsize=1469 kw= pd= ok=1
Cmd: compileSnippet
  api=0 type=1 insize=36249 outsize=6 kw= pd= ok=1
Cmd: compileSnippet
  api=0 type=0 insize=58218 outsize=4120 kw=LIGHTMAP_OFF DIRLIGHTMAP_OFF DYNAMICLIGHTMAP_OFF HDR_LIGHT_PREPASS_OFF pd= ok=1
Cmd: compileSnippet
  api=0 type=0 insize=58218 outsize=4157 kw=LIGHTMAP_OFF DIRLIGHTMAP_OFF DYNAMICLIGHTMAP_OFF UNITY_HDR_ON _TERRAIN_NORMAL_MAP pd= ok=1
Cmd: compileSnippet
  api=0 type=1 insize=58218 outsize=6 kw=LIGHTMAP_OFF DIRLIGHTMAP_OFF DYNAMICLIGHTMAP_OFF HDR_LIGHT_PREPASS_OFF pd= ok=1
Cmd: compileSnippet
  api=0 type=1 insize=58218 outsize=6 kw=LIGHTMAP_OFF DIRLIGHTMAP_OFF DYNAMICLIGHTMAP_OFF HDR_LIGHT_PREPASS_OFF _TERRAIN_NORMAL_MAP pd= ok=1
Cmd: compileSnippet
  api=0 type=0 insize=61716 outsize=4405 kw=LIGHTMAP_OFF DIRLIGHTMAP_OFF DYNAMICLIGHTMAP_OFF HDR_LIGHT_PREPASS_OFF pd= ok=1
Cmd: compileSnippet
  api=0 type=0 insize=61716 outsize=6090 kw=LIGHTMAP_OFF DIRLIGHTMAP_COMBINED DYNAMICLIGHTMAP_ON HDR_LIGHT_PREPASS_OFF _TERRAIN_NORMAL_MAP pd= ok=1
Cmd: compileSnippet
  api=0 type=1 insize=61716 outsize=6 kw=LIGHTMAP_OFF DIRLIGHTMAP_OFF DYNAMICLIGHTMAP_OFF HDR_LIGHT_PREPASS_OFF pd= ok=1
Cmd: compileSnippet
  api=0 type=1 insize=61716 outsize=6 kw=LIGHTMAP_OFF DIRLIGHTMAP_OFF DYNAMICLIGHTMAP_OFF HDR_LIGHT_PREPASS_OFF _TERRAIN_NORMAL_MAP pd= ok=1
Cmd: compileSnippet
  api=0 type=0 insize=38313 outsize=3756 kw= pd= ok=1
Cmd: compileSnippet
  api=0 type=1 insize=38313 outsize=6 kw= pd= ok=1
Cmd: compileSnippet
  api=0 type=0 insize=7129 outsize=2612 kw=DIRECTIONAL SHADOWS_OFF LIGHTMAP_OFF DIRLIGHTMAP_OFF DYNAMICLIGHTMAP_OFF pd= ok=1
Cmd: compileSnippet
  api=0 type=0 insize=7129 outsize=3848 kw=DIRECTIONAL SHADOWS_OFF LIGHTMAP_OFF DIRLIGHTMAP_OFF DYNAMICLIGHTMAP_OFF VERTEXLIGHT_ON pd= ok=1
Cmd: compileSnippet
  api=0 type=1 insize=7129 outsize=6 kw=DIRECTIONAL SHADOWS_OFF LIGHTMAP_OFF DIRLIGHTMAP_OFF DYNAMICLIGHTMAP_OFF pd= ok=1
Cmd: compileSnippet
  api=0 type=0 insize=3858 outsize=2144 kw=POINT pd= ok=1
Cmd: compileSnippet
  api=0 type=1 insize=3858 outsize=6 kw=POINT pd= ok=1
Cmd: compileSnippet
  api=0 type=0 insize=2979 outsize=1011 kw= pd= ok=1
Cmd: compileSnippet
  api=0 type=1 insize=2979 outsize=6 kw= pd= ok=1
Cmd: compileSnippet
  api=0 type=0 insize=6043 outsize=2738 kw=LIGHTMAP_OFF DIRLIGHTMAP_OFF DYNAMICLIGHTMAP_OFF HDR_LIGHT_PREPASS_OFF pd= ok=1
Cmd: compileSnippet
  api=0 type=1 insize=6043 outsize=6 kw=LIGHTMAP_OFF DIRLIGHTMAP_OFF DYNAMICLIGHTMAP_OFF HDR_LIGHT_PREPASS_OFF pd= ok=1
Cmd: compileSnippet
  api=0 type=0 insize=6044 outsize=2725 kw=LIGHTMAP_OFF DIRLIGHTMAP_OFF DYNAMICLIGHTMAP_OFF HDR_LIGHT_PREPASS_OFF pd= ok=1
Cmd: compileSnippet
  api=0 type=1 insize=6044 outsize=6 kw=LIGHTMAP_OFF DIRLIGHTMAP_OFF DYNAMICLIGHTMAP_OFF HDR_LIGHT_PREPASS_OFF pd= ok=1
Cmd: compileSnippet
  api=0 type=0 insize=3170 outsize=2349 kw= pd= ok=1
Cmd: compileSnippet
  api=0 type=1 insize=3170 outsize=6 kw= pd= ok=1
Cmd: compileSnippet
  api=0 type=0 insize=70382 outsize=10640 kw=DIRECTIONAL SHADOWS_OFF LIGHTMAP_OFF DIRLIGHTMAP_OFF DYNAMICLIGHTMAP_OFF pd= ok=1
Cmd: compileSnippet
  api=0 type=0 insize=70382 outsize=11873 kw=DIRECTIONAL SHADOWS_OFF LIGHTMAP_OFF DIRLIGHTMAP_OFF DYNAMICLIGHTMAP_OFF VERTEXLIGHT_ON pd= ok=1
Cmd: compileSnippet
  api=0 type=0 insize=70382 outsize=13042 kw=DIRECTIONAL SHADOWS_SCREEN LIGHTMAP_OFF DIRLIGHTMAP_OFF DYNAMICLIGHTMAP_OFF _TERRAIN_NORMAL_MAP pd= ok=1
Cmd: compileSnippet
  api=0 type=0 insize=70382 outsize=14233 kw=DIRECTIONAL SHADOWS_SCREEN LIGHTMAP_OFF DIRLIGHTMAP_OFF DYNAMICLIGHTMAP_OFF VERTEXLIGHT_ON _TERRAIN_NORMAL_MAP pd= ok=1
Cmd: compileSnippet
  api=0 type=1 insize=70382 outsize=6 kw=DIRECTIONAL SHADOWS_OFF LIGHTMAP_OFF DIRLIGHTMAP_OFF DYNAMICLIGHTMAP_OFF pd= ok=1
Cmd: compileSnippet
  api=0 type=1 insize=70382 outsize=6 kw=DIRECTIONAL SHADOWS_OFF LIGHTMAP_OFF DIRLIGHTMAP_COMBINED DYNAMICLIGHTMAP_ON _TERRAIN_NORMAL_MAP pd= ok=1
Cmd: compileSnippet
  api=0 type=0 insize=46248 outsize=6078 kw=POINT SHADOWS_OFF pd= ok=1
Cmd: compileSnippet
  api=0 type=0 insize=46248 outsize=5969 kw=DIRECTIONAL_COOKIE SHADOWS_OFF pd= ok=1
Cmd: compileSnippet
  api=0 type=0 insize=46248 outsize=6754 kw=POINT SHADOWS_CUBE pd= ok=1
Cmd: compileSnippet
  api=0 type=0 insize=46248 outsize=7823 kw=POINT_COOKIE SHADOWS_CUBE SHADOWS_SOFT pd= ok=1
Cmd: compileSnippet
  api=0 type=0 insize=46248 outsize=7947 kw=POINT_COOKIE SHADOWS_OFF _TERRAIN_NORMAL_MAP pd= ok=1
Cmd: compileSnippet
  api=0 type=0 insize=46248 outsize=8228 kw=DIRECTIONAL_COOKIE SHADOWS_SCREEN _TERRAIN_NORMAL_MAP pd= ok=1
Cmd: compileSnippet
  api=0 type=0 insize=46248 outsize=9485 kw=POINT SHADOWS_CUBE SHADOWS_SOFT _TERRAIN_NORMAL_MAP pd= ok=1
Cmd: compileSnippet
  api=0 type=1 insize=46248 outsize=6 kw=POINT SHADOWS_OFF pd= ok=1
Cmd: compileSnippet
  api=0 type=1 insize=46248 outsize=6 kw=DIRECTIONAL SHADOWS_SCREEN pd= ok=1
Cmd: compileSnippet
  api=0 type=1 insize=46248 outsize=6 kw=POINT SHADOWS_CUBE SHADOWS_SOFT pd= ok=1
Cmd: compileSnippet
  api=0 type=1 insize=46248 outsize=6 kw=POINT SHADOWS_OFF _TERRAIN_NORMAL_MAP pd= ok=1
Cmd: compileSnippet
  api=0 type=1 insize=46248 outsize=6 kw=SPOT SHADOWS_DEPTH SHADOWS_NATIVE _TERRAIN_NORMAL_MAP pd= ok=1
Cmd: compileSnippet
  api=0 type=1 insize=46248 outsize=6 kw=POINT_COOKIE SHADOWS_CUBE _TERRAIN_NORMAL_MAP pd= ok=1
Cmd: compileSnippet
  api=0 type=0 insize=66920 outsize=5474 kw=LIGHTMAP_OFF DIRLIGHTMAP_OFF DYNAMICLIGHTMAP_OFF HDR_LIGHT_PREPASS_OFF pd= ok=1
Cmd: compileSnippet
  api=0 type=0 insize=66920 outsize=7239 kw=LIGHTMAP_OFF DIRLIGHTMAP_COMBINED DYNAMICLIGHTMAP_ON UNITY_HDR_ON _TERRAIN_NORMAL_MAP pd= ok=1
Cmd: compileSnippet
  api=0 type=1 insize=66920 outsize=6 kw=LIGHTMAP_OFF DIRLIGHTMAP_OFF DYNAMICLIGHTMAP_OFF HDR_LIGHT_PREPASS_OFF pd= ok=1
Cmd: compileSnippet
  api=0 type=1 insize=66920 outsize=6 kw=LIGHTMAP_OFF DIRLIGHTMAP_COMBINED DYNAMICLIGHTMAP_ON HDR_LIGHT_PREPASS_OFF _TERRAIN_NORMAL_MAP pd= ok=1
Cmd: compileSnippet
  api=0 type=0 insize=41553 outsize=4273 kw= pd= ok=1
Cmd: compileSnippet
  api=0 type=1 insize=41553 outsize=6 kw= pd= ok=1
Cmd: compileSnippet
  api=0 type=0 insize=70718 outsize=10725 kw=DIRECTIONAL SHADOWS_OFF LIGHTMAP_OFF DIRLIGHTMAP_OFF DYNAMICLIGHTMAP_OFF pd= ok=1
Cmd: compileSnippet
  api=0 type=0 insize=70718 outsize=12470 kw=DIRECTIONAL SHADOWS_SCREEN LIGHTMAP_OFF DIRLIGHTMAP_OFF DYNAMICLIGHTMAP_OFF VERTEXLIGHT_ON pd= ok=1
Cmd: compileSnippet
  api=0 type=0 insize=70718 outsize=12993 kw=DIRECTIONAL SHADOWS_SCREEN LIGHTMAP_OFF DIRLIGHTMAP_COMBINED DYNAMICLIGHTMAP_ON _TERRAIN_NORMAL_MAP pd= ok=1
Cmd: compileSnippet
  api=0 type=0 insize=70718 outsize=12993 kw=DIRECTIONAL SHADOWS_SCREEN LIGHTMAP_OFF DIRLIGHTMAP_COMBINED DYNAMICLIGHTMAP_ON VERTEXLIGHT_ON _TERRAIN_NORMAL_MAP pd= ok=1
Cmd: compileSnippet
  api=0 type=1 insize=70718 outsize=6 kw=DIRECTIONAL SHADOWS_OFF LIGHTMAP_OFF DIRLIGHTMAP_OFF DYNAMICLIGHTMAP_OFF pd= ok=1
Cmd: compileSnippet
  api=0 type=1 insize=70718 outsize=6 kw=DIRECTIONAL SHADOWS_SCREEN LIGHTMAP_OFF DIRLIGHTMAP_COMBINED DYNAMICLIGHTMAP_ON _TERRAIN_NORMAL_MAP pd= ok=1
Cmd: compileSnippet
  api=0 type=0 insize=46584 outsize=6163 kw=POINT SHADOWS_OFF pd= ok=1
Cmd: compileSnippet
  api=0 type=0 insize=46584 outsize=6053 kw=DIRECTIONAL_COOKIE SHADOWS_OFF pd= ok=1
Cmd: compileSnippet
  api=0 type=0 insize=46584 outsize=7185 kw=SPOT SHADOWS_DEPTH SHADOWS_SOFT SHADOWS_NATIVE pd= ok=1
Cmd: compileSnippet
  api=0 type=0 insize=46584 outsize=7948 kw=POINT SHADOWS_OFF _TERRAIN_NORMAL_MAP pd= ok=1
Cmd: compileSnippet
  api=0 type=0 insize=46584 outsize=7835 kw=DIRECTIONAL_COOKIE SHADOWS_OFF _TERRAIN_NORMAL_MAP pd= ok=1
Cmd: compileSnippet
  api=0 type=0 insize=46584 outsize=8628 kw=POINT SHADOWS_CUBE _TERRAIN_NORMAL_MAP pd= ok=1
Cmd: compileSnippet
  api=0 type=0 insize=46584 outsize=9697 kw=POINT_COOKIE SHADOWS_CUBE SHADOWS_SOFT _TERRAIN_NORMAL_MAP pd= ok=1
Cmd: compileSnippet
  api=0 type=1 insize=46584 outsize=6 kw=POINT SHADOWS_OFF pd= ok=1
Cmd: compileSnippet
  api=0 type=1 insize=46584 outsize=6 kw=DIRECTIONAL SHADOWS_SCREEN pd= ok=1
Cmd: compileSnippet
  api=0 type=1 insize=46584 outsize=6 kw=POINT SHADOWS_CUBE SHADOWS_SOFT pd= ok=1
Cmd: compileSnippet
  api=0 type=1 insize=46584 outsize=6 kw=DIRECTIONAL SHADOWS_OFF _TERRAIN_NORMAL_MAP pd= ok=1
Cmd: compileSnippet
  api=0 type=1 insize=46584 outsize=6 kw=DIRECTIONAL_COOKIE SHADOWS_SCREEN _TERRAIN_NORMAL_MAP pd= ok=1
Cmd: compileSnippet
  api=0 type=1 insize=46584 outsize=6 kw=POINT_COOKIE SHADOWS_CUBE SHADOWS_SOFT _TERRAIN_NORMAL_MAP pd= ok=1
Cmd: compileSnippet
  api=0 type=0 insize=67256 outsize=5559 kw=LIGHTMAP_OFF DIRLIGHTMAP_OFF DYNAMICLIGHTMAP_OFF HDR_LIGHT_PREPASS_OFF pd= ok=1
Cmd: compileSnippet
  api=0 type=0 insize=67256 outsize=7400 kw=LIGHTMAP_OFF DIRLIGHTMAP_OFF DYNAMICLIGHTMAP_OFF HDR_LIGHT_PREPASS_OFF _TERRAIN_NORMAL_MAP pd= ok=1
Cmd: compileSnippet
  api=0 type=1 insize=67256 outsize=6 kw=LIGHTMAP_OFF DIRLIGHTMAP_OFF DYNAMICLIGHTMAP_OFF HDR_LIGHT_PREPASS_OFF pd= ok=1
Cmd: compileSnippet
  api=0 type=1 insize=67256 outsize=6 kw=LIGHTMAP_OFF DIRLIGHTMAP_COMBINED DYNAMICLIGHTMAP_ON HDR_LIGHT_PREPASS_OFF _TERRAIN_NORMAL_MAP pd= ok=1
Cmd: compileSnippet
  api=0 type=0 insize=41889 outsize=4403 kw= pd= ok=1
Cmd: compileSnippet
  api=0 type=1 insize=41889 outsize=6 kw= pd= ok=1
Cmd: compileSnippet
  api=0 type=0 insize=7364 outsize=8482 kw=DIRECTIONAL SHADOWS_OFF LIGHTMAP_OFF DIRLIGHTMAP_OFF DYNAMICLIGHTMAP_OFF pd= ok=1
Cmd: compileSnippet
  api=0 type=0 insize=7364 outsize=9701 kw=DIRECTIONAL SHADOWS_OFF LIGHTMAP_OFF DIRLIGHTMAP_OFF DYNAMICLIGHTMAP_OFF VERTEXLIGHT_ON pd= ok=1
Cmd: compileSnippet
  api=0 type=1 insize=7364 outsize=6 kw=DIRECTIONAL SHADOWS_OFF LIGHTMAP_OFF DIRLIGHTMAP_OFF DYNAMICLIGHTMAP_OFF pd= ok=1
Cmd: compileSnippet
  api=0 type=0 insize=4107 outsize=3896 kw=POINT SHADOWS_OFF pd= ok=1
Cmd: compileSnippet
  api=0 type=0 insize=4107 outsize=4047 kw=DIRECTIONAL SHADOWS_SCREEN pd= ok=1
Cmd: compileSnippet
  api=0 type=0 insize=4107 outsize=4698 kw=POINT_COOKIE SHADOWS_CUBE pd= ok=1
Cmd: compileSnippet
  api=0 type=1 insize=4107 outsize=6 kw=POINT SHADOWS_OFF pd= ok=1
Cmd: compileSnippet
  api=0 type=1 insize=4107 outsize=6 kw=DIRECTIONAL_COOKIE SHADOWS_OFF pd= ok=1
Cmd: compileSnippet
  api=0 type=1 insize=4107 outsize=6 kw=POINT SHADOWS_CUBE pd= ok=1
Cmd: compileSnippet
  api=0 type=1 insize=4107 outsize=6 kw=POINT_COOKIE SHADOWS_CUBE SHADOWS_SOFT pd= ok=1
Cmd: compileSnippet
  api=0 type=0 insize=6466 outsize=3052 kw=LIGHTMAP_OFF DIRLIGHTMAP_OFF DYNAMICLIGHTMAP_OFF HDR_LIGHT_PREPASS_OFF pd= ok=1
Cmd: compileSnippet
  api=0 type=1 insize=6466 outsize=6 kw=LIGHTMAP_OFF DIRLIGHTMAP_OFF DYNAMICLIGHTMAP_OFF HDR_LIGHT_PREPASS_OFF pd= ok=1
Cmd: compileSnippet
  api=0 type=0 insize=3409 outsize=2305 kw= pd= ok=1
Cmd: compileSnippet
  api=0 type=1 insize=3409 outsize=6 kw= pd= ok=1
Cmd: compileSnippet
  api=0 type=0 insize=990 outsize=463 kw= pd= ok=1
Cmd: compileSnippet
  api=0 type=1 insize=990 outsize=6 kw= pd= ok=1
Cmd: compileSnippet
  api=0 type=0 insize=1057 outsize=761 kw= pd= ok=1
Cmd: compileSnippet
  api=0 type=1 insize=1057 outsize=6 kw= pd= ok=1
Cmd: compileSnippet
  api=0 type=0 insize=4597 outsize=2600 kw= pd= ok=1
Cmd: compileSnippet
  api=0 type=1 insize=4597 outsize=6 kw= pd= ok=1
Cmd: compileSnippet
  api=0 type=0 insize=1807 outsize=952 kw= pd= ok=1
Cmd: compileSnippet
  api=0 type=1 insize=1807 outsize=6 kw= pd= ok=1
Cmd: compileSnippet
  api=0 type=0 insize=2082 outsize=1199 kw= pd= ok=1
Cmd: compileSnippet
  api=0 type=1 insize=2082 outsize=6 kw= pd= ok=1
Cmd: compileSnippet
  api=0 type=0 insize=6924 outsize=4012 kw=DIRECTIONAL SHADOWS_SCREEN LIGHTMAP_OFF DIRLIGHTMAP_OFF DYNAMICLIGHTMAP_OFF VERTEXLIGHT_ON pd= ok=1
Cmd: compileSnippet
  api=0 type=0 insize=3695 outsize=1720 kw=DIRECTIONAL_COOKIE pd= ok=1
Cmd: compileSnippet
  api=0 type=1 insize=3695 outsize=6 kw=DIRECTIONAL_COOKIE pd= ok=1
Cmd: compileSnippet
  api=0 type=0 insize=5839 outsize=2645 kw=LIGHTMAP_OFF DIRLIGHTMAP_OFF DYNAMICLIGHTMAP_OFF HDR_LIGHT_PREPASS_OFF pd= ok=1
Cmd: compileSnippet
  api=0 type=1 insize=5839 outsize=6 kw=LIGHTMAP_OFF DIRLIGHTMAP_OFF DYNAMICLIGHTMAP_OFF HDR_LIGHT_PREPASS_OFF pd= ok=1
Cmd: compileSnippet
  api=0 type=0 insize=1275 outsize=2781 kw=POINT SHADOWS_OFF pd= ok=1
Cmd: compileSnippet
  api=0 type=0 insize=1275 outsize=2849 kw=DIRECTIONAL SHADOWS_SCREEN pd= ok=1
Cmd: compileSnippet
  api=0 type=0 insize=1275 outsize=3486 kw=POINT_COOKIE SHADOWS_CUBE pd= ok=1
Cmd: compileSnippet
  api=0 type=1 insize=1275 outsize=6 kw=POINT SHADOWS_OFF pd= ok=1
Cmd: compileSnippet
  api=0 type=1 insize=1275 outsize=6 kw=SPOT SHADOWS_DEPTH SHADOWS_NATIVE pd= ok=1
Cmd: compileSnippet
  api=0 type=1 insize=1275 outsize=6 kw=POINT_COOKIE SHADOWS_CUBE pd= ok=1
Cmd: compileSnippet
  api=0 type=0 insize=1268 outsize=2772 kw=POINT SHADOWS_OFF pd= ok=1
Cmd: compileSnippet
  api=0 type=0 insize=1268 outsize=3534 kw=SPOT SHADOWS_DEPTH SHADOWS_NATIVE pd= ok=1
Cmd: compileSnippet
  api=0 type=0 insize=1268 outsize=4184 kw=POINT SHADOWS_CUBE SHADOWS_SOFT pd= ok=1
Cmd: compileSnippet
  api=0 type=1 insize=1268 outsize=6 kw=POINT SHADOWS_OFF pd= ok=1
Cmd: compileSnippet
  api=0 type=1 insize=1268 outsize=6 kw=DIRECTIONAL_COOKIE SHADOWS_OFF pd= ok=1
Cmd: compileSnippet
  api=0 type=1 insize=1268 outsize=6 kw=POINT SHADOWS_CUBE pd= ok=1
Cmd: compileSnippet
  api=0 type=1 insize=1268 outsize=6 kw=POINT_COOKIE SHADOWS_CUBE SHADOWS_SOFT pd= ok=1
Cmd: compileSnippet
  api=0 type=0 insize=1273 outsize=2777 kw=POINT SHADOWS_OFF pd= ok=1
Cmd: compileSnippet
  api=0 type=0 insize=1273 outsize=2845 kw=DIRECTIONAL SHADOWS_SCREEN pd= ok=1
Cmd: compileSnippet
  api=0 type=0 insize=1273 outsize=4074 kw=SPOT SHADOWS_DEPTH SHADOWS_SOFT SHADOWS_NATIVE pd= ok=1
Cmd: compileSnippet
  api=0 type=1 insize=1273 outsize=6 kw=POINT SHADOWS_OFF pd= ok=1
Cmd: compileSnippet
  api=0 type=1 insize=1273 outsize=6 kw=DIRECTIONAL_COOKIE SHADOWS_OFF pd= ok=1
Cmd: compileSnippet
  api=0 type=1 insize=1273 outsize=6 kw=POINT SHADOWS_CUBE pd= ok=1
Cmd: compileSnippet
  api=0 type=0 insize=1934 outsize=3851 kw=POINT SHADOWS_OFF pd= ok=1
Cmd: compileSnippet
  api=0 type=0 insize=1934 outsize=4844 kw=SPOT SHADOWS_DEPTH SHADOWS_NATIVE pd= ok=1
Cmd: compileSnippet
  api=0 type=0 insize=1934 outsize=4578 kw=POINT_COOKIE SHADOWS_CUBE pd= ok=1
Cmd: compileSnippet
  api=0 type=0 insize=1934 outsize=3842 kw=POINT SHADOWS_OFF UNITY_HDR_ON pd= ok=1
Cmd: compileSnippet
  api=0 type=0 insize=1934 outsize=4051 kw=POINT_COOKIE SHADOWS_OFF UNITY_HDR_ON pd= ok=1
Cmd: compileSnippet
  api=0 type=0 insize=1934 outsize=4355 kw=DIRECTIONAL_COOKIE SHADOWS_SCREEN UNITY_HDR_ON pd= ok=1
Cmd: compileSnippet
  api=0 type=0 insize=1934 outsize=5270 kw=POINT SHADOWS_CUBE SHADOWS_SOFT UNITY_HDR_ON pd= ok=1
Cmd: compileSnippet
  api=0 type=1 insize=1934 outsize=6 kw=POINT SHADOWS_OFF pd= ok=1
Cmd: compileSnippet
  api=0 type=1 insize=1934 outsize=6 kw=DIRECTIONAL_COOKIE SHADOWS_OFF pd= ok=1
Cmd: compileSnippet
  api=0 type=1 insize=1934 outsize=6 kw=POINT SHADOWS_CUBE pd= ok=1
Cmd: compileSnippet
  api=0 type=1 insize=1934 outsize=6 kw=POINT_COOKIE SHADOWS_CUBE SHADOWS_SOFT pd= ok=1
Cmd: compileSnippet
  api=0 type=1 insize=1934 outsize=6 kw=POINT_COOKIE SHADOWS_OFF UNITY_HDR_ON pd= ok=1
Cmd: compileSnippet
  api=0 type=1 insize=1934 outsize=6 kw=DIRECTIONAL_COOKIE SHADOWS_SCREEN UNITY_HDR_ON pd= ok=1
Cmd: compileSnippet
  api=0 type=1 insize=1934 outsize=6 kw=POINT SHADOWS_CUBE SHADOWS_SOFT UNITY_HDR_ON pd= ok=1
Cmd: compileSnippet
  api=0 type=0 insize=683 outsize=360 kw= pd= ok=1
Cmd: compileSnippet
  api=0 type=1 insize=683 outsize=6 kw= pd= ok=1
Cmd: compileSnippet
  api=0 type=0 insize=3264 outsize=4709 kw= pd= ok=1
Cmd: compileSnippet
  api=0 type=1 insize=3264 outsize=6 kw= pd= ok=1
Cmd: compileSnippet
  api=0 type=0 insize=859 outsize=727 kw= pd= ok=1
Cmd: compileSnippet
  api=0 type=1 insize=859 outsize=6 kw= pd= ok=1
Cmd: compileSnippet
  api=0 type=0 insize=6657 outsize=15621 kw= pd= ok=1
Cmd: compileSnippet
  api=0 type=1 insize=6657 outsize=6 kw= pd= ok=1
Cmd: compileSnippet
  api=0 type=0 insize=6657 outsize=378 kw= pd= ok=1
Cmd: compileSnippet
  api=0 type=1 insize=6657 outsize=6 kw= pd= ok=1
Cmd: compileSnippet
  api=0 type=0 insize=701 outsize=427 kw= pd= ok=1
Cmd: compileSnippet
  api=0 type=1 insize=701 outsize=6 kw= pd= ok=1
Cmd: compileSnippet
  api=0 type=0 insize=701 outsize=378 kw= pd= ok=1
Cmd: compileSnippet
  api=0 type=1 insize=701 outsize=6 kw= pd= ok=1
Cmd: compileSnippet
  api=0 type=0 insize=1032 outsize=853 kw= pd= ok=1
Cmd: compileSnippet
  api=0 type=1 insize=1032 outsize=6 kw= pd= ok=1
Cmd: compileSnippet
  api=0 type=0 insize=1032 outsize=801 kw= pd= ok=1
Cmd: compileSnippet
  api=0 type=1 insize=1032 outsize=6 kw= pd= ok=1
Cmd: compileSnippet
  api=0 type=0 insize=4027 outsize=2220 kw=POINT pd= ok=1
Cmd: compileSnippet
  api=0 type=1 insize=4027 outsize=6 kw=POINT pd= ok=1
Cmd: compileSnippet
  api=0 type=0 insize=3954 outsize=2022 kw=POINT pd= ok=1
Cmd: compileSnippet
  api=0 type=1 insize=3954 outsize=6 kw=POINT pd= ok=1
Cmd: compileSnippet
  api=0 type=0 insize=982 outsize=11164 kw=DIRECTIONAL SHADOWS_OFF LIGHTMAP_OFF DIRLIGHTMAP_COMBINED DYNAMICLIGHTMAP_ON VERTEXLIGHT_ON _ALPHABLEND_ON pd= ok=1
Cmd: compileSnippet
  api=0 type=0 insize=938 outsize=6285 kw=POINT_COOKIE SHADOWS_OFF _ALPHABLEND_ON pd= ok=1
Cmd: compileSnippet
  api=0 type=0 insize=938 outsize=6543 kw=DIRECTIONAL_COOKIE SHADOWS_SCREEN _ALPHABLEND_ON pd= ok=1
Cmd: compileSnippet
  api=0 type=0 insize=938 outsize=7231 kw=SPOT SHADOWS_DEPTH SHADOWS_SOFT SHADOWS_NATIVE _ALPHABLEND_ON pd= ok=1
Cmd: compileSnippet
  api=0 type=1 insize=938 outsize=6 kw=SPOT SHADOWS_OFF _ALPHABLEND_ON pd= ok=1
Cmd: compileSnippet
  api=0 type=1 insize=938 outsize=6 kw=POINT SHADOWS_CUBE _ALPHABLEND_ON pd= ok=1
Cmd: compileSnippet
  api=0 type=1 insize=938 outsize=6 kw=POINT SHADOWS_CUBE SHADOWS_SOFT _ALPHABLEND_ON pd= ok=1
Cmd: compileSnippet
  api=0 type=0 insize=1152 outsize=5246 kw=LIGHTMAP_OFF DIRLIGHTMAP_SEPARATE DYNAMICLIGHTMAP_OFF _ALPHABLEND_ON pd= ok=1
Cmd: compileSnippet
  api=0 type=0 insize=1152 outsize=5237 kw=LIGHTMAP_OFF DIRLIGHTMAP_SEPARATE DYNAMICLIGHTMAP_OFF UNITY_HDR_ON _ALPHABLEND_ON pd= ok=1
Cmd: compileSnippet
  api=0 type=1 insize=1152 outsize=6 kw=LIGHTMAP_OFF DIRLIGHTMAP_SEPARATE DYNAMICLIGHTMAP_OFF _ALPHABLEND_ON pd= ok=1
Cmd: compileSnippet
  api=0 type=1 insize=1152 outsize=6 kw=LIGHTMAP_OFF DIRLIGHTMAP_SEPARATE DYNAMICLIGHTMAP_OFF UNITY_HDR_ON _ALPHABLEND_ON pd= ok=1
Cmd: compileSnippet
  api=0 type=0 insize=886 outsize=5262 kw=DIRECTIONAL SHADOWS_OFF LIGHTMAP_OFF DIRLIGHTMAP_OFF DYNAMICLIGHTMAP_OFF _ALPHABLEND_ON pd= ok=1
Cmd: compileSnippet
  api=0 type=0 insize=816 outsize=5099 kw=SPOT SHADOWS_OFF _ALPHABLEND_ON pd= ok=1
Cmd: compileSnippet
  api=0 type=0 insize=816 outsize=5495 kw=SPOT SHADOWS_DEPTH SHADOWS_NATIVE _ALPHABLEND_ON pd= ok=1
Cmd: compileSnippet
  api=0 type=0 insize=816 outsize=5879 kw=POINT_COOKIE SHADOWS_CUBE _ALPHABLEND_ON pd= ok=1
Cmd: compileSnippet
  api=0 type=1 insize=816 outsize=6 kw=POINT SHADOWS_OFF _ALPHABLEND_ON pd= ok=1
Cmd: compileSnippet
  api=0 type=1 insize=816 outsize=6 kw=SPOT SHADOWS_DEPTH SHADOWS_NATIVE _ALPHABLEND_ON pd= ok=1
Cmd: compileSnippet
  api=0 type=1 insize=816 outsize=6 kw=POINT_COOKIE SHADOWS_CUBE _ALPHABLEND_ON pd= ok=1
